


materialPath: C:\Program Files (x86)\Steam\SteamApps\common\Half-Life 2\hl2\materials
Loading C:\Users\Toneo\Projects\Lua\Garry's Mod\cardwars\content\maps\cw_devvy.vmf
Could not locate 'GameData' key in c:\program files (x86)\steam\steamapps\common\half-life 2\hl2\gameinfo.txt
fixing up env_cubemap materials on brush sides...
0...1...2...3...4...5...6...7...8...9...100...1...2...3...4...5...6...7...8...9...10Processing areas...done (0)
Building Faces...done (0)
FixTjuncs...
PruneNodes...
WriteBSP...
done (0)
writing C:\Users\Toneo\Projects\Lua\Garry's Mod\cardwars\content\maps\cw_devvy.prt...Building visibility clusters...
done (0)
Creating default LDR cubemaps for env_cubemap using skybox materials:
   skybox/sky_day01_01*.vmt
 ! Run buildcubemaps in the engine to get the correct cube maps.
Creating default HDR cubemaps for env_cubemap using skybox materials:
   skybox/sky_day01_01*.vmt
 ! Run buildcubemaps in the engine to get the correct cube maps.
Finding displacement neighbors...
Finding lightmap sample positions...
Displacement Alpha : 0...1...2...3...4...5...6...7...8...9...10
Building Physics collision data...
done (0) (8730 bytes)
Placing detail props : 0...1...2...3...4...5...6...7...8...9...10
Compacting texture/material tables...
Reduced 3 texinfos to 3
Reduced 1 texdatas to 1 (23 bytes to 23)
Writing C:\Users\Toneo\Projects\Lua\Garry's Mod\cardwars\content\maps\cw_devvy.bsp
0 seconds elapsed



8 threads
reading c:\users\toneo\projects\lua\garry's mod\cardwars\content\maps\cw_devvy.bsp
reading c:\users\toneo\projects\lua\garry's mod\cardwars\content\maps\cw_devvy.prt
   8 portalclusters
   6 numportals
0...1...2...3...4...5...6...7...8...9...100...1...2...3...4...5...6...7...8...9...10Optimized: 0 visible clusters (0.00%)
Total clusters visible: 24
Average clusters visible: 3
Building PAS...
Average clusters audible: 3
visdatasize:84  compressed from 128
writing c:\users\toneo\projects\lua\garry's mod\cardwars\content\maps\cw_devvy.bsp
0 seconds elapsed



[Reading texlights from 'lights.rad']
[45 texlights parsed from 'lights.rad']

Loading c:\users\toneo\projects\lua\garry's mod\cardwars\content\maps\cw_devvy.bsp
61 faces
44373 square feet [6389760.00 square inches]
0 Displacements
0 Square Feet [0.00 Square Inches]
61 patches before subdivision
7491 patches after subdivision
0 direct lights
0...1...2...3...4...5...6...7...8...9...100...1...2...3...4...5...6...7...8...9...10transfers 784208, max 241
transfer lists:   6.0 megs
0...1...2...3...4...5...6...7...8...9...10	Bounce #1 added RGB(0, 0, 0)
Build Patch/Sample Hash Table(s).....Done<0.0016 sec>
0...1...2...3...4...5...6...7...8...9...10FinalLightFace Done
0 of 0 (0% of) surface lights went in leaf ambient cubes.
0...1...2...3...4...5...6...7...8...9...10Writing leaf ambient...done
Ready to Finish

Object names       Objects/Maxobjs  Memory / Maxmem  Fullness 
------------       ---------------  ---------------  -------- 
models                   1/1024           48/49152    ( 0.1%) 
brushes                 24/8192          288/98304    ( 0.3%) 
brushsides             144/65536        1152/524288   ( 0.2%) 
planes                  86/65536        1720/1310720  ( 0.1%) 
vertexes               127/65536        1524/786432   ( 0.2%) 
nodes                   27/65536         864/2097152  ( 0.0%) 
texinfos                 3/12288         216/884736   ( 0.0%) 
texdata                  1/2048           32/65536    ( 0.0%) 
dispinfos                0/0               0/0        ( 0.0%) 
disp_verts               0/0               0/0        ( 0.0%) 
disp_tris                0/0               0/0        ( 0.0%) 
disp_lmsamples           0/0               0/0        ( 0.0%) 
faces                   61/65536        3416/3670016  ( 0.1%) 
hdr faces                0/65536           0/3670016  ( 0.0%) 
origfaces               18/65536        1008/3670016  ( 0.0%) 
leaves                  29/65536         928/2097152  ( 0.0%) 
leaffaces               68/65536         136/131072   ( 0.1%) 
leafbrushes             59/65536         118/131072   ( 0.1%) 
areas                    4/256            32/2048     ( 1.6%) 
surfedges              338/512000       1352/2048000  ( 0.1%) 
edges                  206/256000        824/1024000  ( 0.1%) 
LDR worldlights          0/8192            0/720896   ( 0.0%) 
HDR worldlights          0/8192            0/720896   ( 0.0%) 
leafwaterdata            0/32768           0/393216   ( 0.0%) 
waterstrips              7/32768          70/327680   ( 0.0%) 
waterverts               0/65536           0/786432   ( 0.0%) 
waterindices            84/65536         168/131072   ( 0.1%) 
cubemapsamples           0/1024            0/16384    ( 0.0%) 
overlays                 0/512             0/180224   ( 0.0%) 
LDR lightdata         [variable]      110280/0        ( 0.0%) 
HDR lightdata         [variable]           0/0        ( 0.0%) 
visdata               [variable]          84/16777216 ( 0.0%) 
entdata               [variable]        2118/393216   ( 0.5%) 
LDR ambient table       29/65536         116/262144   ( 0.0%) 
HDR ambient table       29/65536         116/262144   ( 0.0%) 
LDR leaf ambient         8/65536         224/1835008  ( 0.0%) 
HDR leaf ambient        29/65536         812/1835008  ( 0.0%) 
occluders                0/0               0/0        ( 0.0%) 
occluder polygons        0/0               0/0        ( 0.0%) 
occluder vert ind        0/0               0/0        ( 0.0%) 
detail props          [variable]           1/12       ( 8.3%) 
static props          [variable]           1/12       ( 8.3%) 
pakfile               [variable]      105663/0        ( 0.0%) 
physics               [variable]        8730/4194304  ( 0.2%) 
physics terrain       [variable]           2/1048576  ( 0.0%) 

Level flags = 0

Total triangle count: 144
Writing c:\users\toneo\projects\lua\garry's mod\cardwars\content\maps\cw_devvy.bsp
0 seconds elapsed



materialPath: C:\Program Files (x86)\Steam\SteamApps\common\Half-Life 2\hl2\materials
Loading C:\Users\Toneo\Projects\Lua\Garry's Mod\cardwars\content\maps\cw_devvy.vmf
Could not locate 'GameData' key in c:\program files (x86)\steam\steamapps\common\half-life 2\hl2\gameinfo.txt
fixing up env_cubemap materials on brush sides...
0...1...2...3...4...5...6...7...8...9...100...1...2...3...4...5...6...7...8...9...10Processing areas...done (0)
Building Faces...done (0)
FixTjuncs...
PruneNodes...
WriteBSP...
done (0)
writing C:\Users\Toneo\Projects\Lua\Garry's Mod\cardwars\content\maps\cw_devvy.prt...Building visibility clusters...
done (0)
Creating default LDR cubemaps for env_cubemap using skybox materials:
   skybox/sky_day01_01*.vmt
 ! Run buildcubemaps in the engine to get the correct cube maps.
Creating default HDR cubemaps for env_cubemap using skybox materials:
   skybox/sky_day01_01*.vmt
 ! Run buildcubemaps in the engine to get the correct cube maps.
Finding displacement neighbors...
Finding lightmap sample positions...
Displacement Alpha : 0...1...2...3...4...5...6...7...8...9...10
Building Physics collision data...
done (0) (8730 bytes)
Placing detail props : 0...1...2...3...4...5...6...7...8...9...10
Compacting texture/material tables...
Reduced 3 texinfos to 3
Reduced 1 texdatas to 1 (23 bytes to 23)
Writing C:\Users\Toneo\Projects\Lua\Garry's Mod\cardwars\content\maps\cw_devvy.bsp
0 seconds elapsed



8 threads
reading c:\users\toneo\projects\lua\garry's mod\cardwars\content\maps\cw_devvy.bsp
reading c:\users\toneo\projects\lua\garry's mod\cardwars\content\maps\cw_devvy.prt
   8 portalclusters
   6 numportals
0...1...2...3...4...5...6...7...8...9...100...1...2...3...4...5...6...7...8...9...10Optimized: 0 visible clusters (0.00%)
Total clusters visible: 24
Average clusters visible: 3
Building PAS...
Average clusters audible: 3
visdatasize:84  compressed from 128
writing c:\users\toneo\projects\lua\garry's mod\cardwars\content\maps\cw_devvy.bsp
0 seconds elapsed



[Reading texlights from 'lights.rad']
[45 texlights parsed from 'lights.rad']

Loading c:\users\toneo\projects\lua\garry's mod\cardwars\content\maps\cw_devvy.bsp
61 faces
44373 square feet [6389760.00 square inches]
0 Displacements
0 Square Feet [0.00 Square Inches]
61 patches before subdivision
7491 patches after subdivision
0 direct lights
0...1...2...3...4...5...6...7...8...9...100...1...2...3...4...5...6...7...8...9...10transfers 784208, max 241
transfer lists:   6.0 megs
0...1...2...3...4...5...6...7...8...9...10	Bounce #1 added RGB(0, 0, 0)
Build Patch/Sample Hash Table(s).....Done<0.0016 sec>
0...1...2...3...4...5...6...7...8...9...10FinalLightFace Done
0 of 0 (0% of) surface lights went in leaf ambient cubes.
0...1...2...3...4...5...6...7...8...9...10Writing leaf ambient...done
Ready to Finish

Object names       Objects/Maxobjs  Memory / Maxmem  Fullness 
------------       ---------------  ---------------  -------- 
models                   1/1024           48/49152    ( 0.1%) 
brushes                 24/8192          288/98304    ( 0.3%) 
brushsides             144/65536        1152/524288   ( 0.2%) 
planes                  86/65536        1720/1310720  ( 0.1%) 
vertexes               127/65536        1524/786432   ( 0.2%) 
nodes                   27/65536         864/2097152  ( 0.0%) 
texinfos                 3/12288         216/884736   ( 0.0%) 
texdata                  1/2048           32/65536    ( 0.0%) 
dispinfos                0/0               0/0        ( 0.0%) 
disp_verts               0/0               0/0        ( 0.0%) 
disp_tris                0/0               0/0        ( 0.0%) 
disp_lmsamples           0/0               0/0        ( 0.0%) 
faces                   61/65536        3416/3670016  ( 0.1%) 
hdr faces                0/65536           0/3670016  ( 0.0%) 
origfaces               18/65536        1008/3670016  ( 0.0%) 
leaves                  29/65536         928/2097152  ( 0.0%) 
leaffaces               68/65536         136/131072   ( 0.1%) 
leafbrushes             59/65536         118/131072   ( 0.1%) 
areas                    4/256            32/2048     ( 1.6%) 
surfedges              338/512000       1352/2048000  ( 0.1%) 
edges                  206/256000        824/1024000  ( 0.1%) 
LDR worldlights          0/8192            0/720896   ( 0.0%) 
HDR worldlights          0/8192            0/720896   ( 0.0%) 
leafwaterdata            0/32768           0/393216   ( 0.0%) 
waterstrips              7/32768          70/327680   ( 0.0%) 
waterverts               0/65536           0/786432   ( 0.0%) 
waterindices            84/65536         168/131072   ( 0.1%) 
cubemapsamples           0/1024            0/16384    ( 0.0%) 
overlays                 0/512             0/180224   ( 0.0%) 
LDR lightdata         [variable]      110280/0        ( 0.0%) 
HDR lightdata         [variable]           0/0        ( 0.0%) 
visdata               [variable]          84/16777216 ( 0.0%) 
entdata               [variable]        2118/393216   ( 0.5%) 
LDR ambient table       29/65536         116/262144   ( 0.0%) 
HDR ambient table       29/65536         116/262144   ( 0.0%) 
LDR leaf ambient         8/65536         224/1835008  ( 0.0%) 
HDR leaf ambient        29/65536         812/1835008  ( 0.0%) 
occluders                0/0               0/0        ( 0.0%) 
occluder polygons        0/0               0/0        ( 0.0%) 
occluder vert ind        0/0               0/0        ( 0.0%) 
detail props          [variable]           1/12       ( 8.3%) 
static props          [variable]           1/12       ( 8.3%) 
pakfile               [variable]      105663/0        ( 0.0%) 
physics               [variable]        8730/4194304  ( 0.2%) 
physics terrain       [variable]           2/1048576  ( 0.0%) 

Level flags = 0

Total triangle count: 144
Writing c:\users\toneo\projects\lua\garry's mod\cardwars\content\maps\cw_devvy.bsp
0 seconds elapsed
