


materialPath: C:\Program Files (x86)\Steam\SteamApps\common\Source SDK Base 2013 Singleplayer\hl2\materials
Loading C:\Users\Toneo\Projects\Lua\Garry's Mod\cardwars\content\maps\cw_rebels_vs_combine.vmf
Could not locate 'GameData' key in c:\program files (x86)\steam\steamapps\common\source sdk base 2013 singleplayer\hl2\gameinfo.txt
fixing up env_cubemap materials on brush sides...
0...1...2...3...4...5...6...7...8...9...100...1...2...3...4...5...6...7...8...9...10Processing areas...done (0)
Building Faces...done (0)
Chop Details...done (0)
Find Visible Detail Sides...
Merged 8 detail faces...done (0)
Merging details...done (0)
FixTjuncs...
PruneNodes...
WriteBSP...
done (0)
writing C:\Users\Toneo\Projects\Lua\Garry's Mod\cardwars\content\maps\cw_rebels_vs_combine.prt...Building visibility clusters...
done (0)
Creating default LDR cubemaps for env_cubemap using skybox materials:
   skybox/sky_day01_01*.vmt
 ! Run buildcubemaps in the engine to get the correct cube maps.
Creating default HDR cubemaps for env_cubemap using skybox materials:
   skybox/sky_day01_01*.vmt
 ! Run buildcubemaps in the engine to get the correct cube maps.
Finding displacement neighbors...
Finding lightmap sample positions...
Displacement Alpha : 0...1...2...3...4...5...6...7...8...9...10
Building Physics collision data...
done (0) (50395 bytes)
Placing detail props : 0...1...2...3...4...5...6...7...8...9...10
Compacting texture/material tables...
Reduced 153 texinfos to 80
Reduced 29 texdatas to 26 (674 bytes to 580)
Writing C:\Users\Toneo\Projects\Lua\Garry's Mod\cardwars\content\maps\cw_rebels_vs_combine.bsp
0 seconds elapsed



8 threads
reading c:\users\toneo\projects\lua\garry's mod\cardwars\content\maps\cw_rebels_vs_combine.bsp
reading c:\users\toneo\projects\lua\garry's mod\cardwars\content\maps\cw_rebels_vs_combine.prt
 114 portalclusters
 314 numportals
0...1...2...3...4...5...6...7...8...9...100...1...2...3...4...5...6...7...8...9...10Optimized: 0 visible clusters (0.00%)
Total clusters visible: 3612
Average clusters visible: 31
Building PAS...
Average clusters audible: 34
visdatasize:2676  compressed from 3648
writing c:\users\toneo\projects\lua\garry's mod\cardwars\content\maps\cw_rebels_vs_combine.bsp
0 seconds elapsed



Could not find lights.rad in lights.rad.
Trying VRAD BIN directory instead...
Warning: Couldn't open texlight file C:\Program Files (x86)\Steam\SteamApps\common\Source SDK Base 2013 Singleplayer\bin\lights.rad.
Loading c:\users\toneo\projects\lua\garry's mod\cardwars\content\maps\cw_rebels_vs_combine.bsp
425 faces
98608 square feet [14199692.00 square inches]
0 Displacements
0 Square Feet [0.00 Square Inches]
425 patches before subdivision
14583 patches after subdivision
38 direct lights
0...1...2...3...4...5...6...7...8...9...100...1...2...3...4...5...6...7...8...9...10transfers 1354005, max 259
transfer lists:  10.3 megs
0...1...2...3...4...5...6...7...8...9...10	Bounce #1 added RGB(75359, 63469, 50950)
0...1...2...3...4...5...6...7...8...9...10	Bounce #2 added RGB(29560, 16162, 10137)
0...1...2...3...4...5...6...7...8...9...10	Bounce #3 added RGB(15746, 4898, 2494)
0...1...2...3...4...5...6...7...8...9...10	Bounce #4 added RGB(9856, 1535, 631)
0...1...2...3...4...5...6...7...8...9...10	Bounce #5 added RGB(6813, 493, 163)
0...1...2...3...4...5...6...7...8...9...10	Bounce #6 added RGB(4965, 161, 42)
0...1...2...3...4...5...6...7...8...9...10	Bounce #7 added RGB(3713, 53, 11)
0...1...2...3...4...5...6...7...8...9...10	Bounce #8 added RGB(2812, 18, 3)
0...1...2...3...4...5...6...7...8...9...10	Bounce #9 added RGB(2141, 6, 1)
0...1...2...3...4...5...6...7...8...9...10	Bounce #10 added RGB(1635, 2, 0)
0...1...2...3...4...5...6...7...8...9...10	Bounce #11 added RGB(1251, 1, 0)
0...1...2...3...4...5...6...7...8...9...10	Bounce #12 added RGB(957, 0, 0)
0...1...2...3...4...5...6...7...8...9...10	Bounce #13 added RGB(732, 0, 0)
0...1...2...3...4...5...6...7...8...9...10	Bounce #14 added RGB(561, 0, 0)
0...1...2...3...4...5...6...7...8...9...10	Bounce #15 added RGB(429, 0, 0)
0...1...2...3...4...5...6...7...8...9...10	Bounce #16 added RGB(329, 0, 0)
0...1...2...3...4...5...6...7...8...9...10	Bounce #17 added RGB(251, 0, 0)
0...1...2...3...4...5...6...7...8...9...10	Bounce #18 added RGB(193, 0, 0)
0...1...2...3...4...5...6...7...8...9...10	Bounce #19 added RGB(147, 0, 0)
0...1...2...3...4...5...6...7...8...9...10	Bounce #20 added RGB(113, 0, 0)
0...1...2...3...4...5...6...7...8...9...10	Bounce #21 added RGB(86, 0, 0)
0...1...2...3...4...5...6...7...8...9...10	Bounce #22 added RGB(66, 0, 0)
0...1...2...3...4...5...6...7...8...9...10	Bounce #23 added RGB(51, 0, 0)
0...1...2...3...4...5...6...7...8...9...10	Bounce #24 added RGB(39, 0, 0)
0...1...2...3...4...5...6...7...8...9...10	Bounce #25 added RGB(30, 0, 0)
0...1...2...3...4...5...6...7...8...9...10	Bounce #26 added RGB(23, 0, 0)
0...1...2...3...4...5...6...7...8...9...10	Bounce #27 added RGB(17, 0, 0)
0...1...2...3...4...5...6...7...8...9...10	Bounce #28 added RGB(13, 0, 0)
0...1...2...3...4...5...6...7...8...9...10	Bounce #29 added RGB(10, 0, 0)
0...1...2...3...4...5...6...7...8...9...10	Bounce #30 added RGB(8, 0, 0)
0...1...2...3...4...5...6...7...8...9...10	Bounce #31 added RGB(6, 0, 0)
0...1...2...3...4...5...6...7...8...9...10	Bounce #32 added RGB(5, 0, 0)
0...1...2...3...4...5...6...7...8...9...10	Bounce #33 added RGB(4, 0, 0)
0...1...2...3...4...5...6...7...8...9...10	Bounce #34 added RGB(3, 0, 0)
0...1...2...3...4...5...6...7...8...9...10	Bounce #35 added RGB(2, 0, 0)
0...1...2...3...4...5...6...7...8...9...10	Bounce #36 added RGB(2, 0, 0)
0...1...2...3...4...5...6...7...8...9...10	Bounce #37 added RGB(1, 0, 0)
0...1...2...3...4...5...6...7...8...9...10	Bounce #38 added RGB(1, 0, 0)
Build Patch/Sample Hash Table(s).....Done<0.0033 sec>
0...1...2...3...4...5...6...7...8...9...10FinalLightFace Done
0 of 0 (0% of) surface lights went in leaf ambient cubes.
0...1...2...3...4...5...6...7...8...9...10Writing leaf ambient...done
Ready to Finish

Object names       Objects/Maxobjs  Memory / Maxmem  Fullness 
------------       ---------------  ---------------  -------- 
models                   9/1024          432/49152    ( 0.9%) 
brushes                143/8192         1716/98304    ( 1.7%) 
brushsides             863/65536        6904/524288   ( 1.3%) 
planes                 396/65536        7920/1310720  ( 0.6%) 
vertexes               785/65536        9420/786432   ( 1.2%) 
nodes                  283/65536        9056/2097152  ( 0.4%) 
texinfos                80/12288        5760/884736   ( 0.7%) 
texdata                 26/2048          832/65536    ( 1.3%) 
dispinfos                0/0               0/0        ( 0.0%) 
disp_verts               0/0               0/0        ( 0.0%) 
disp_tris                0/0               0/0        ( 0.0%) 
disp_lmsamples           0/0               0/0        ( 0.0%) 
faces                  425/65536       23800/3670016  ( 0.6%) 
hdr faces                0/65536           0/3670016  ( 0.0%) 
origfaces              275/65536       15400/3670016  ( 0.4%) 
leaves                 293/65536        9376/2097152  ( 0.4%) 
leaffaces              705/65536        1410/131072   ( 1.1%) 
leafbrushes            300/65536         600/131072   ( 0.5%) 
areas                    5/256            40/2048     ( 2.0%) 
surfedges             3080/512000      12320/2048000  ( 0.6%) 
edges                 1850/256000       7400/1024000  ( 0.7%) 
LDR worldlights         38/8192         3344/720896   ( 0.5%) 
HDR worldlights          0/8192            0/720896   ( 0.0%) 
leafwaterdata            0/32768           0/393216   ( 0.0%) 
waterstrips             44/32768         440/327680   ( 0.1%) 
waterverts               0/65536           0/786432   ( 0.0%) 
waterindices           660/65536        1320/131072   ( 1.0%) 
cubemapsamples           0/1024            0/16384    ( 0.0%) 
overlays                 0/512             0/180224   ( 0.0%) 
LDR lightdata         [variable]      530100/0        ( 0.0%) 
HDR lightdata         [variable]           0/0        ( 0.0%) 
visdata               [variable]        2676/16777216 ( 0.0%) 
entdata               [variable]       36446/393216   ( 9.3%) 
LDR ambient table      293/65536        1172/262144   ( 0.4%) 
HDR ambient table      293/65536        1172/262144   ( 0.4%) 
LDR leaf ambient      1324/65536       37072/1835008  ( 2.0%) 
HDR leaf ambient       293/65536        8204/1835008  ( 0.4%) 
occluders                0/0               0/0        ( 0.0%) 
occluder polygons        0/0               0/0        ( 0.0%) 
occluder vert ind        0/0               0/0        ( 0.0%) 
detail props          [variable]           1/12       ( 8.3%) 
static props          [variable]           1/5120     ( 0.0%) 
pakfile               [variable]      211672/0        ( 0.0%) 
physics               [variable]       50395/4194304  ( 1.2%) 
physics terrain       [variable]           2/1048576  ( 0.0%) 

Level flags = 0

Total triangle count: 1129
Writing c:\users\toneo\projects\lua\garry's mod\cardwars\content\maps\cw_rebels_vs_combine.bsp
2 seconds elapsed



Could not find lights.rad in lights.rad.
Trying VRAD BIN directory instead...
Warning: Couldn't open texlight file C:\Program Files (x86)\Steam\SteamApps\common\Source SDK Base 2013 Singleplayer\bin\lights.rad.
Loading c:\users\toneo\projects\lua\garry's mod\cardwars\content\maps\cw_rebels_vs_combine.bsp
425 faces
98608 square feet [14199692.00 square inches]
0 Displacements
0 Square Feet [0.00 Square Inches]
425 patches before subdivision
14583 patches after subdivision
38 direct lights
0...1...2...3...4...5...6...7...8...9...100...1...2...3...4...5...6...7...8...9...10transfers 1354005, max 259
transfer lists:  10.3 megs
0...1...2...3...4...5...6...7...8...9...10	Bounce #1 added RGB(75359, 63469, 50950)
0...1...2...3...4...5...6...7...8...9...10	Bounce #2 added RGB(29560, 16162, 10137)
0...1...2...3...4...5...6...7...8...9...10	Bounce #3 added RGB(15746, 4898, 2494)
0...1...2...3...4...5...6...7...8...9...10	Bounce #4 added RGB(9856, 1535, 631)
0...1...2...3...4...5...6...7...8...9...10	Bounce #5 added RGB(6813, 493, 163)
0...1...2...3...4...5...6...7...8...9...10	Bounce #6 added RGB(4965, 161, 42)
0...1...2...3...4...5...6...7...8...9...10	Bounce #7 added RGB(3713, 53, 11)
0...1...2...3...4...5...6...7...8...9...10	Bounce #8 added RGB(2812, 18, 3)
0...1...2...3...4...5...6...7...8...9...10	Bounce #9 added RGB(2141, 6, 1)
0...1...2...3...4...5...6...7...8...9...10	Bounce #10 added RGB(1635, 2, 0)
0...1...2...3...4...5...6...7...8...9...10	Bounce #11 added RGB(1251, 1, 0)
0...1...2...3...4...5...6...7...8...9...10	Bounce #12 added RGB(957, 0, 0)
0...1...2...3...4...5...6...7...8...9...10	Bounce #13 added RGB(732, 0, 0)
0...1...2...3...4...5...6...7...8...9...10	Bounce #14 added RGB(561, 0, 0)
0...1...2...3...4...5...6...7...8...9...10	Bounce #15 added RGB(429, 0, 0)
0...1...2...3...4...5...6...7...8...9...10	Bounce #16 added RGB(329, 0, 0)
0...1...2...3...4...5...6...7...8...9...10	Bounce #17 added RGB(251, 0, 0)
0...1...2...3...4...5...6...7...8...9...10	Bounce #18 added RGB(193, 0, 0)
0...1...2...3...4...5...6...7...8...9...10	Bounce #19 added RGB(147, 0, 0)
0...1...2...3...4...5...6...7...8...9...10	Bounce #20 added RGB(113, 0, 0)
0...1...2...3...4...5...6...7...8...9...10	Bounce #21 added RGB(86, 0, 0)
0...1...2...3...4...5...6...7...8...9...10	Bounce #22 added RGB(66, 0, 0)
0...1...2...3...4...5...6...7...8...9...10	Bounce #23 added RGB(51, 0, 0)
0...1...2...3...4...5...6...7...8...9...10	Bounce #24 added RGB(39, 0, 0)
0...1...2...3...4...5...6...7...8...9...10	Bounce #25 added RGB(30, 0, 0)
0...1...2...3...4...5...6...7...8...9...10	Bounce #26 added RGB(23, 0, 0)
0...1...2...3...4...5...6...7...8...9...10	Bounce #27 added RGB(17, 0, 0)
0...1...2...3...4...5...6...7...8...9...10	Bounce #28 added RGB(13, 0, 0)
0...1...2...3...4...5...6...7...8...9...10	Bounce #29 added RGB(10, 0, 0)
0...1...2...3...4...5...6...7...8...9...10	Bounce #30 added RGB(8, 0, 0)
0...1...2...3...4...5...6...7...8...9...10	Bounce #31 added RGB(6, 0, 0)
0...1...2...3...4...5...6...7...8...9...10	Bounce #32 added RGB(5, 0, 0)
0...1...2...3...4...5...6...7...8...9...10	Bounce #33 added RGB(4, 0, 0)
0...1...2...3...4...5...6...7...8...9...10	Bounce #34 added RGB(3, 0, 0)
0...1...2...3...4...5...6...7...8...9...10	Bounce #35 added RGB(2, 0, 0)
0...1...2...3...4...5...6...7...8...9...10	Bounce #36 added RGB(2, 0, 0)
0...1...2...3...4...5...6...7...8...9...10	Bounce #37 added RGB(1, 0, 0)
0...1...2...3...4...5...6...7...8...9...10	Bounce #38 added RGB(1, 0, 0)
Build Patch/Sample Hash Table(s).....Done<0.0041 sec>
0...1...2...3...4...5...6...7...8...9...10FinalLightFace Done
0 of 0 (0% of) surface lights went in leaf ambient cubes.
0...1...2...3...4...5...6...7...8...9...10Writing leaf ambient...done
Ready to Finish

Object names       Objects/Maxobjs  Memory / Maxmem  Fullness 
------------       ---------------  ---------------  -------- 
models                   9/1024          432/49152    ( 0.9%) 
brushes                143/8192         1716/98304    ( 1.7%) 
brushsides             863/65536        6904/524288   ( 1.3%) 
planes                 396/65536        7920/1310720  ( 0.6%) 
vertexes               785/65536        9420/786432   ( 1.2%) 
nodes                  283/65536        9056/2097152  ( 0.4%) 
texinfos                80/12288        5760/884736   ( 0.7%) 
texdata                 26/2048          832/65536    ( 1.3%) 
dispinfos                0/0               0/0        ( 0.0%) 
disp_verts               0/0               0/0        ( 0.0%) 
disp_tris                0/0               0/0        ( 0.0%) 
disp_lmsamples           0/0               0/0        ( 0.0%) 
faces                  425/65536       23800/3670016  ( 0.6%) 
hdr faces              425/65536       23800/3670016  ( 0.6%) 
origfaces              275/65536       15400/3670016  ( 0.4%) 
leaves                 293/65536        9376/2097152  ( 0.4%) 
leaffaces              705/65536        1410/131072   ( 1.1%) 
leafbrushes            300/65536         600/131072   ( 0.5%) 
areas                    5/256            40/2048     ( 2.0%) 
surfedges             3080/512000      12320/2048000  ( 0.6%) 
edges                 1850/256000       7400/1024000  ( 0.7%) 
LDR worldlights         38/8192         3344/720896   ( 0.5%) 
HDR worldlights         38/8192         3344/720896   ( 0.5%) 
leafwaterdata            0/32768           0/393216   ( 0.0%) 
waterstrips             44/32768         440/327680   ( 0.1%) 
waterverts               0/65536           0/786432   ( 0.0%) 
waterindices           660/65536        1320/131072   ( 1.0%) 
cubemapsamples           0/1024            0/16384    ( 0.0%) 
overlays                 0/512             0/180224   ( 0.0%) 
LDR lightdata         [variable]      530100/0        ( 0.0%) 
HDR lightdata         [variable]      530100/0        ( 0.0%) 
visdata               [variable]        2676/16777216 ( 0.0%) 
entdata               [variable]       36446/393216   ( 9.3%) 
LDR ambient table      293/65536        1172/262144   ( 0.4%) 
HDR ambient table      293/65536        1172/262144   ( 0.4%) 
LDR leaf ambient      1324/65536       37072/1835008  ( 2.0%) 
HDR leaf ambient      1324/65536       37072/1835008  ( 2.0%) 
occluders                0/0               0/0        ( 0.0%) 
occluder polygons        0/0               0/0        ( 0.0%) 
occluder vert ind        0/0               0/0        ( 0.0%) 
detail props          [variable]           1/12       ( 8.3%) 
static props          [variable]           1/5120     ( 0.0%) 
pakfile               [variable]      211672/0        ( 0.0%) 
physics               [variable]       50395/4194304  ( 1.2%) 
physics terrain       [variable]           2/1048576  ( 0.0%) 

Level flags = 0

Total triangle count: 1129
Writing c:\users\toneo\projects\lua\garry's mod\cardwars\content\maps\cw_rebels_vs_combine.bsp
2 seconds elapsed



materialPath: C:\Program Files (x86)\Steam\SteamApps\common\Source SDK Base 2013 Singleplayer\hl2\materials
Loading C:\Users\Toneo\Projects\Lua\Garry's Mod\cardwars\content\maps\cw_rebels_vs_combine.vmf
Could not locate 'GameData' key in c:\program files (x86)\steam\steamapps\common\source sdk base 2013 singleplayer\hl2\gameinfo.txt
fixing up env_cubemap materials on brush sides...
0...1...2...3...4...5...6...7...8...9...100...1...2...3...4...5...6...7...8...9...10Processing areas...done (0)
Building Faces...done (0)
Chop Details...done (0)
Find Visible Detail Sides...
Merged 8 detail faces...done (0)
Merging details...done (0)
FixTjuncs...
PruneNodes...
WriteBSP...
done (0)
writing C:\Users\Toneo\Projects\Lua\Garry's Mod\cardwars\content\maps\cw_rebels_vs_combine.prt...Building visibility clusters...
done (0)
Creating default LDR cubemaps for env_cubemap using skybox materials:
   skybox/sky_day01_01*.vmt
 ! Run buildcubemaps in the engine to get the correct cube maps.
Creating default HDR cubemaps for env_cubemap using skybox materials:
   skybox/sky_day01_01*.vmt
 ! Run buildcubemaps in the engine to get the correct cube maps.
Finding displacement neighbors...
Finding lightmap sample positions...
Displacement Alpha : 0...1...2...3...4...5...6...7...8...9...10
Building Physics collision data...
done (0) (50395 bytes)
Placing detail props : 0...1...2...3...4...5...6...7...8...9...10
Compacting texture/material tables...
Reduced 153 texinfos to 80
Reduced 29 texdatas to 26 (674 bytes to 580)
Writing C:\Users\Toneo\Projects\Lua\Garry's Mod\cardwars\content\maps\cw_rebels_vs_combine.bsp
0 seconds elapsed



8 threads
reading c:\users\toneo\projects\lua\garry's mod\cardwars\content\maps\cw_rebels_vs_combine.bsp
reading c:\users\toneo\projects\lua\garry's mod\cardwars\content\maps\cw_rebels_vs_combine.prt
 114 portalclusters
 314 numportals
0...1...2...3...4...5...6...7...8...9...100...1...2...3...4...5...6...7...8...9...10Optimized: 0 visible clusters (0.00%)
Total clusters visible: 3612
Average clusters visible: 31
Building PAS...
Average clusters audible: 34
visdatasize:2676  compressed from 3648
writing c:\users\toneo\projects\lua\garry's mod\cardwars\content\maps\cw_rebels_vs_combine.bsp
0 seconds elapsed



Could not find lights.rad in lights.rad.
Trying VRAD BIN directory instead...
Warning: Couldn't open texlight file C:\Program Files (x86)\Steam\SteamApps\common\Source SDK Base 2013 Singleplayer\bin\lights.rad.
Loading c:\users\toneo\projects\lua\garry's mod\cardwars\content\maps\cw_rebels_vs_combine.bsp
425 faces
98608 square feet [14199692.00 square inches]
0 Displacements
0 Square Feet [0.00 Square Inches]
425 patches before subdivision
14583 patches after subdivision
38 direct lights
0...1...2...3...4...5...6...7...8...9...100...1...2...3...4...5...6...7...8...9...10transfers 1354005, max 259
transfer lists:  10.3 megs
0...1...2...3...4...5...6...7...8...9...10	Bounce #1 added RGB(75359, 63469, 50950)
0...1...2...3...4...5...6...7...8...9...10	Bounce #2 added RGB(29561, 16162, 10137)
0...1...2...3...4...5...6...7...8...9...10	Bounce #3 added RGB(15746, 4898, 2494)
0...1...2...3...4...5...6...7...8...9...10	Bounce #4 added RGB(9856, 1535, 631)
0...1...2...3...4...5...6...7...8...9...10	Bounce #5 added RGB(6813, 493, 163)
0...1...2...3...4...5...6...7...8...9...10	Bounce #6 added RGB(4965, 161, 42)
0...1...2...3...4...5...6...7...8...9...10	Bounce #7 added RGB(3713, 53, 11)
0...1...2...3...4...5...6...7...8...9...10	Bounce #8 added RGB(2812, 18, 3)
0...1...2...3...4...5...6...7...8...9...10	Bounce #9 added RGB(2141, 6, 1)
0...1...2...3...4...5...6...7...8...9...10	Bounce #10 added RGB(1635, 2, 0)
0...1...2...3...4...5...6...7...8...9...10	Bounce #11 added RGB(1251, 1, 0)
0...1...2...3...4...5...6...7...8...9...10	Bounce #12 added RGB(957, 0, 0)
0...1...2...3...4...5...6...7...8...9...10	Bounce #13 added RGB(732, 0, 0)
0...1...2...3...4...5...6...7...8...9...10	Bounce #14 added RGB(561, 0, 0)
0...1...2...3...4...5...6...7...8...9...10	Bounce #15 added RGB(429, 0, 0)
0...1...2...3...4...5...6...7...8...9...10	Bounce #16 added RGB(329, 0, 0)
0...1...2...3...4...5...6...7...8...9...10	Bounce #17 added RGB(251, 0, 0)
0...1...2...3...4...5...6...7...8...9...10	Bounce #18 added RGB(193, 0, 0)
0...1...2...3...4...5...6...7...8...9...10	Bounce #19 added RGB(147, 0, 0)
0...1...2...3...4...5...6...7...8...9...10	Bounce #20 added RGB(113, 0, 0)
0...1...2...3...4...5...6...7...8...9...10	Bounce #21 added RGB(86, 0, 0)
0...1...2...3...4...5...6...7...8...9...10	Bounce #22 added RGB(66, 0, 0)
0...1...2...3...4...5...6...7...8...9...10	Bounce #23 added RGB(51, 0, 0)
0...1...2...3...4...5...6...7...8...9...10	Bounce #24 added RGB(39, 0, 0)
0...1...2...3...4...5...6...7...8...9...10	Bounce #25 added RGB(30, 0, 0)
0...1...2...3...4...5...6...7...8...9...10	Bounce #26 added RGB(23, 0, 0)
0...1...2...3...4...5...6...7...8...9...10	Bounce #27 added RGB(17, 0, 0)
0...1...2...3...4...5...6...7...8...9...10	Bounce #28 added RGB(13, 0, 0)
0...1...2...3...4...5...6...7...8...9...10	Bounce #29 added RGB(10, 0, 0)
0...1...2...3...4...5...6...7...8...9...10	Bounce #30 added RGB(8, 0, 0)
0...1...2...3...4...5...6...7...8...9...10	Bounce #31 added RGB(6, 0, 0)
0...1...2...3...4...5...6...7...8...9...10	Bounce #32 added RGB(5, 0, 0)
0...1...2...3...4...5...6...7...8...9...10	Bounce #33 added RGB(4, 0, 0)
0...1...2...3...4...5...6...7...8...9...10	Bounce #34 added RGB(3, 0, 0)
0...1...2...3...4...5...6...7...8...9...10	Bounce #35 added RGB(2, 0, 0)
0...1...2...3...4...5...6...7...8...9...10	Bounce #36 added RGB(2, 0, 0)
0...1...2...3...4...5...6...7...8...9...10	Bounce #37 added RGB(1, 0, 0)
0...1...2...3...4...5...6...7...8...9...10	Bounce #38 added RGB(1, 0, 0)
Build Patch/Sample Hash Table(s).....Done<0.0049 sec>
0...1...2...3...4...5...6...7...8...9...10FinalLightFace Done
0 of 0 (0% of) surface lights went in leaf ambient cubes.
0...1...2...3...4...5...6...7...8...9...10Writing leaf ambient...done
Ready to Finish

Object names       Objects/Maxobjs  Memory / Maxmem  Fullness 
------------       ---------------  ---------------  -------- 
models                   9/1024          432/49152    ( 0.9%) 
brushes                143/8192         1716/98304    ( 1.7%) 
brushsides             863/65536        6904/524288   ( 1.3%) 
planes                 396/65536        7920/1310720  ( 0.6%) 
vertexes               785/65536        9420/786432   ( 1.2%) 
nodes                  283/65536        9056/2097152  ( 0.4%) 
texinfos                80/12288        5760/884736   ( 0.7%) 
texdata                 26/2048          832/65536    ( 1.3%) 
dispinfos                0/0               0/0        ( 0.0%) 
disp_verts               0/0               0/0        ( 0.0%) 
disp_tris                0/0               0/0        ( 0.0%) 
disp_lmsamples           0/0               0/0        ( 0.0%) 
faces                  425/65536       23800/3670016  ( 0.6%) 
hdr faces                0/65536           0/3670016  ( 0.0%) 
origfaces              275/65536       15400/3670016  ( 0.4%) 
leaves                 293/65536        9376/2097152  ( 0.4%) 
leaffaces              705/65536        1410/131072   ( 1.1%) 
leafbrushes            300/65536         600/131072   ( 0.5%) 
areas                    5/256            40/2048     ( 2.0%) 
surfedges             3080/512000      12320/2048000  ( 0.6%) 
edges                 1850/256000       7400/1024000  ( 0.7%) 
LDR worldlights         38/8192         3344/720896   ( 0.5%) 
HDR worldlights          0/8192            0/720896   ( 0.0%) 
leafwaterdata            0/32768           0/393216   ( 0.0%) 
waterstrips             44/32768         440/327680   ( 0.1%) 
waterverts               0/65536           0/786432   ( 0.0%) 
waterindices           660/65536        1320/131072   ( 1.0%) 
cubemapsamples           0/1024            0/16384    ( 0.0%) 
overlays                 0/512             0/180224   ( 0.0%) 
LDR lightdata         [variable]      530100/0        ( 0.0%) 
HDR lightdata         [variable]           0/0        ( 0.0%) 
visdata               [variable]        2676/16777216 ( 0.0%) 
entdata               [variable]       36446/393216   ( 9.3%) 
LDR ambient table      293/65536        1172/262144   ( 0.4%) 
HDR ambient table      293/65536        1172/262144   ( 0.4%) 
LDR leaf ambient      1324/65536       37072/1835008  ( 2.0%) 
HDR leaf ambient       293/65536        8204/1835008  ( 0.4%) 
occluders                0/0               0/0        ( 0.0%) 
occluder polygons        0/0               0/0        ( 0.0%) 
occluder vert ind        0/0               0/0        ( 0.0%) 
detail props          [variable]           1/12       ( 8.3%) 
static props          [variable]           1/5120     ( 0.0%) 
pakfile               [variable]      211672/0        ( 0.0%) 
physics               [variable]       50395/4194304  ( 1.2%) 
physics terrain       [variable]           2/1048576  ( 0.0%) 

Level flags = 0

Total triangle count: 1129
Writing c:\users\toneo\projects\lua\garry's mod\cardwars\content\maps\cw_rebels_vs_combine.bsp
2 seconds elapsed



Could not find lights.rad in lights.rad.
Trying VRAD BIN directory instead...
Warning: Couldn't open texlight file C:\Program Files (x86)\Steam\SteamApps\common\Source SDK Base 2013 Singleplayer\bin\lights.rad.
Loading c:\users\toneo\projects\lua\garry's mod\cardwars\content\maps\cw_rebels_vs_combine.bsp
425 faces
98608 square feet [14199692.00 square inches]
0 Displacements
0 Square Feet [0.00 Square Inches]
425 patches before subdivision
14583 patches after subdivision
38 direct lights
0...1...2...3...4...5...6...7...8...9...100...1...2...3...4...5...6...7...8...9...10transfers 1354005, max 259
transfer lists:  10.3 megs
0...1...2...3...4...5...6...7...8...9...10	Bounce #1 added RGB(75359, 63469, 50950)
0...1...2...3...4...5...6...7...8...9...10	Bounce #2 added RGB(29560, 16162, 10137)
0...1...2...3...4...5...6...7...8...9...10	Bounce #3 added RGB(15746, 4898, 2494)
0...1...2...3...4...5...6...7...8...9...10	Bounce #4 added RGB(9856, 1535, 631)
0...1...2...3...4...5...6...7...8...9...10	Bounce #5 added RGB(6813, 493, 163)
0...1...2...3...4...5...6...7...8...9...10	Bounce #6 added RGB(4965, 161, 42)
0...1...2...3...4...5...6...7...8...9...10	Bounce #7 added RGB(3713, 53, 11)
0...1...2...3...4...5...6...7...8...9...10	Bounce #8 added RGB(2812, 18, 3)
0...1...2...3...4...5...6...7...8...9...10	Bounce #9 added RGB(2141, 6, 1)
0...1...2...3...4...5...6...7...8...9...10	Bounce #10 added RGB(1635, 2, 0)
0...1...2...3...4...5...6...7...8...9...10	Bounce #11 added RGB(1251, 1, 0)
0...1...2...3...4...5...6...7...8...9...10	Bounce #12 added RGB(957, 0, 0)
0...1...2...3...4...5...6...7...8...9...10	Bounce #13 added RGB(732, 0, 0)
0...1...2...3...4...5...6...7...8...9...10	Bounce #14 added RGB(561, 0, 0)
0...1...2...3...4...5...6...7...8...9...10	Bounce #15 added RGB(429, 0, 0)
0...1...2...3...4...5...6...7...8...9...10	Bounce #16 added RGB(328, 0, 0)
0...1...2...3...4...5...6...7...8...9...10	Bounce #17 added RGB(251, 0, 0)
0...1...2...3...4...5...6...7...8...9...10	Bounce #18 added RGB(193, 0, 0)
0...1...2...3...4...5...6...7...8...9...10	Bounce #19 added RGB(147, 0, 0)
0...1...2...3...4...5...6...7...8...9...10	Bounce #20 added RGB(113, 0, 0)
0...1...2...3...4...5...6...7...8...9...10	Bounce #21 added RGB(86, 0, 0)
0...1...2...3...4...5...6...7...8...9...10	Bounce #22 added RGB(66, 0, 0)
0...1...2...3...4...5...6...7...8...9...10	Bounce #23 added RGB(51, 0, 0)
0...1...2...3...4...5...6...7...8...9...10	Bounce #24 added RGB(39, 0, 0)
0...1...2...3...4...5...6...7...8...9...10	Bounce #25 added RGB(30, 0, 0)
0...1...2...3...4...5...6...7...8...9...10	Bounce #26 added RGB(23, 0, 0)
0...1...2...3...4...5...6...7...8...9...10	Bounce #27 added RGB(17, 0, 0)
0...1...2...3...4...5...6...7...8...9...10	Bounce #28 added RGB(13, 0, 0)
0...1...2...3...4...5...6...7...8...9...10	Bounce #29 added RGB(10, 0, 0)
0...1...2...3...4...5...6...7...8...9...10	Bounce #30 added RGB(8, 0, 0)
0...1...2...3...4...5...6...7...8...9...10	Bounce #31 added RGB(6, 0, 0)
0...1...2...3...4...5...6...7...8...9...10	Bounce #32 added RGB(5, 0, 0)
0...1...2...3...4...5...6...7...8...9...10	Bounce #33 added RGB(4, 0, 0)
0...1...2...3...4...5...6...7...8...9...10	Bounce #34 added RGB(3, 0, 0)
0...1...2...3...4...5...6...7...8...9...10	Bounce #35 added RGB(2, 0, 0)
0...1...2...3...4...5...6...7...8...9...10	Bounce #36 added RGB(2, 0, 0)
0...1...2...3...4...5...6...7...8...9...10	Bounce #37 added RGB(1, 0, 0)
0...1...2...3...4...5...6...7...8...9...10	Bounce #38 added RGB(1, 0, 0)
Build Patch/Sample Hash Table(s).....Done<0.0053 sec>
0...1...2...3...4...5...6...7...8...9...10FinalLightFace Done
0 of 0 (0% of) surface lights went in leaf ambient cubes.
0...1...2...3...4...5...6...7...8...9...10Writing leaf ambient...done
Ready to Finish

Object names       Objects/Maxobjs  Memory / Maxmem  Fullness 
------------       ---------------  ---------------  -------- 
models                   9/1024          432/49152    ( 0.9%) 
brushes                143/8192         1716/98304    ( 1.7%) 
brushsides             863/65536        6904/524288   ( 1.3%) 
planes                 396/65536        7920/1310720  ( 0.6%) 
vertexes               785/65536        9420/786432   ( 1.2%) 
nodes                  283/65536        9056/2097152  ( 0.4%) 
texinfos                80/12288        5760/884736   ( 0.7%) 
texdata                 26/2048          832/65536    ( 1.3%) 
dispinfos                0/0               0/0        ( 0.0%) 
disp_verts               0/0               0/0        ( 0.0%) 
disp_tris                0/0               0/0        ( 0.0%) 
disp_lmsamples           0/0               0/0        ( 0.0%) 
faces                  425/65536       23800/3670016  ( 0.6%) 
hdr faces              425/65536       23800/3670016  ( 0.6%) 
origfaces              275/65536       15400/3670016  ( 0.4%) 
leaves                 293/65536        9376/2097152  ( 0.4%) 
leaffaces              705/65536        1410/131072   ( 1.1%) 
leafbrushes            300/65536         600/131072   ( 0.5%) 
areas                    5/256            40/2048     ( 2.0%) 
surfedges             3080/512000      12320/2048000  ( 0.6%) 
edges                 1850/256000       7400/1024000  ( 0.7%) 
LDR worldlights         38/8192         3344/720896   ( 0.5%) 
HDR worldlights         38/8192         3344/720896   ( 0.5%) 
leafwaterdata            0/32768           0/393216   ( 0.0%) 
waterstrips             44/32768         440/327680   ( 0.1%) 
waterverts               0/65536           0/786432   ( 0.0%) 
waterindices           660/65536        1320/131072   ( 1.0%) 
cubemapsamples           0/1024            0/16384    ( 0.0%) 
overlays                 0/512             0/180224   ( 0.0%) 
LDR lightdata         [variable]      530100/0        ( 0.0%) 
HDR lightdata         [variable]      530100/0        ( 0.0%) 
visdata               [variable]        2676/16777216 ( 0.0%) 
entdata               [variable]       36446/393216   ( 9.3%) 
LDR ambient table      293/65536        1172/262144   ( 0.4%) 
HDR ambient table      293/65536        1172/262144   ( 0.4%) 
LDR leaf ambient      1324/65536       37072/1835008  ( 2.0%) 
HDR leaf ambient      1324/65536       37072/1835008  ( 2.0%) 
occluders                0/0               0/0        ( 0.0%) 
occluder polygons        0/0               0/0        ( 0.0%) 
occluder vert ind        0/0               0/0        ( 0.0%) 
detail props          [variable]           1/12       ( 8.3%) 
static props          [variable]           1/5120     ( 0.0%) 
pakfile               [variable]      211672/0        ( 0.0%) 
physics               [variable]       50395/4194304  ( 1.2%) 
physics terrain       [variable]           2/1048576  ( 0.0%) 

Level flags = 0

Total triangle count: 1129
Writing c:\users\toneo\projects\lua\garry's mod\cardwars\content\maps\cw_rebels_vs_combine.bsp
2 seconds elapsed



materialPath: C:\Program Files (x86)\Steam\SteamApps\common\Source SDK Base 2013 Singleplayer\hl2\materials
Loading C:\Users\Toneo\Projects\Lua\Garry's Mod\cardwars\content\maps\cw_rebels_vs_combine.vmf
Could not locate 'GameData' key in c:\program files (x86)\steam\steamapps\common\source sdk base 2013 singleplayer\hl2\gameinfo.txt
fixing up env_cubemap materials on brush sides...
0...1...2...3...4...5...6...7...8...9...100...1...2...3...4...5...6...7...8...9...10Processing areas...done (0)
Building Faces...done (0)
Chop Details...done (0)
Find Visible Detail Sides...
Merged 8 detail faces...done (0)
Merging details...done (0)
FixTjuncs...
PruneNodes...
WriteBSP...
done (0)
writing C:\Users\Toneo\Projects\Lua\Garry's Mod\cardwars\content\maps\cw_rebels_vs_combine.prt...Building visibility clusters...
done (0)
Creating default LDR cubemaps for env_cubemap using skybox materials:
   skybox/sky_day01_01*.vmt
 ! Run buildcubemaps in the engine to get the correct cube maps.
Creating default HDR cubemaps for env_cubemap using skybox materials:
   skybox/sky_day01_01*.vmt
 ! Run buildcubemaps in the engine to get the correct cube maps.
Finding displacement neighbors...
Finding lightmap sample positions...
Displacement Alpha : 0...1...2...3...4...5...6...7...8...9...10
Building Physics collision data...
done (0) (50395 bytes)
Placing detail props : 0...1...2...3...4...5...6...7...8...9...10
Compacting texture/material tables...
Reduced 153 texinfos to 80
Reduced 29 texdatas to 26 (674 bytes to 580)
Writing C:\Users\Toneo\Projects\Lua\Garry's Mod\cardwars\content\maps\cw_rebels_vs_combine.bsp
0 seconds elapsed



8 threads
reading c:\users\toneo\projects\lua\garry's mod\cardwars\content\maps\cw_rebels_vs_combine.bsp
reading c:\users\toneo\projects\lua\garry's mod\cardwars\content\maps\cw_rebels_vs_combine.prt
 114 portalclusters
 314 numportals
0...1...2...3...4...5...6...7...8...9...100...1...2...3...4...5...6...7...8...9...10Optimized: 0 visible clusters (0.00%)
Total clusters visible: 3612
Average clusters visible: 31
Building PAS...
Average clusters audible: 34
visdatasize:2676  compressed from 3648
writing c:\users\toneo\projects\lua\garry's mod\cardwars\content\maps\cw_rebels_vs_combine.bsp
0 seconds elapsed



Could not find lights.rad in lights.rad.
Trying VRAD BIN directory instead...
Warning: Couldn't open texlight file C:\Program Files (x86)\Steam\SteamApps\common\Source SDK Base 2013 Singleplayer\bin\lights.rad.
Loading c:\users\toneo\projects\lua\garry's mod\cardwars\content\maps\cw_rebels_vs_combine.bsp
425 faces
98608 square feet [14199692.00 square inches]
0 Displacements
0 Square Feet [0.00 Square Inches]
425 patches before subdivision
14583 patches after subdivision
38 direct lights
0...1...2...3...4...5...6...7...8...9...100...1...2...3...4...5...6...7...8...9...10transfers 1354005, max 259
transfer lists:  10.3 megs
0...1...2...3...4...5...6...7...8...9...10	Bounce #1 added RGB(75359, 63469, 50950)
0...1...2...3...4...5...6...7...8...9...10	Bounce #2 added RGB(29560, 16162, 10137)
0...1...2...3...4...5...6...7...8...9...10	Bounce #3 added RGB(15746, 4898, 2494)
0...1...2...3...4...5...6...7...8...9...10	Bounce #4 added RGB(9856, 1535, 631)
0...1...2...3...4...5...6...7...8...9...10	Bounce #5 added RGB(6813, 493, 163)
0...1...2...3...4...5...6...7...8...9...10	Bounce #6 added RGB(4965, 161, 42)
0...1...2...3...4...5...6...7...8...9...10	Bounce #7 added RGB(3713, 53, 11)
0...1...2...3...4...5...6...7...8...9...10	Bounce #8 added RGB(2812, 18, 3)
0...1...2...3...4...5...6...7...8...9...10	Bounce #9 added RGB(2141, 6, 1)
0...1...2...3...4...5...6...7...8...9...10	Bounce #10 added RGB(1635, 2, 0)
0...1...2...3...4...5...6...7...8...9...10	Bounce #11 added RGB(1251, 1, 0)
0...1...2...3...4...5...6...7...8...9...10	Bounce #12 added RGB(957, 0, 0)
0...1...2...3...4...5...6...7...8...9...10	Bounce #13 added RGB(732, 0, 0)
0...1...2...3...4...5...6...7...8...9...10	Bounce #14 added RGB(561, 0, 0)
0...1...2...3...4...5...6...7...8...9...10	Bounce #15 added RGB(429, 0, 0)
0...1...2...3...4...5...6...7...8...9...10	Bounce #16 added RGB(328, 0, 0)
0...1...2...3...4...5...6...7...8...9...10	Bounce #17 added RGB(251, 0, 0)
0...1...2...3...4...5...6...7...8...9...10	Bounce #18 added RGB(193, 0, 0)
0...1...2...3...4...5...6...7...8...9...10	Bounce #19 added RGB(147, 0, 0)
0...1...2...3...4...5...6...7...8...9...10	Bounce #20 added RGB(113, 0, 0)
0...1...2...3...4...5...6...7...8...9...10	Bounce #21 added RGB(86, 0, 0)
0...1...2...3...4...5...6...7...8...9...10	Bounce #22 added RGB(66, 0, 0)
0...1...2...3...4...5...6...7...8...9...10	Bounce #23 added RGB(51, 0, 0)
0...1...2...3...4...5...6...7...8...9...10	Bounce #24 added RGB(39, 0, 0)
0...1...2...3...4...5...6...7...8...9...10	Bounce #25 added RGB(30, 0, 0)
0...1...2...3...4...5...6...7...8...9...10	Bounce #26 added RGB(23, 0, 0)
0...1...2...3...4...5...6...7...8...9...10	Bounce #27 added RGB(17, 0, 0)
0...1...2...3...4...5...6...7...8...9...10	Bounce #28 added RGB(13, 0, 0)
0...1...2...3...4...5...6...7...8...9...10	Bounce #29 added RGB(10, 0, 0)
0...1...2...3...4...5...6...7...8...9...10	Bounce #30 added RGB(8, 0, 0)
0...1...2...3...4...5...6...7...8...9...10	Bounce #31 added RGB(6, 0, 0)
0...1...2...3...4...5...6...7...8...9...10	Bounce #32 added RGB(5, 0, 0)
0...1...2...3...4...5...6...7...8...9...10	Bounce #33 added RGB(4, 0, 0)
0...1...2...3...4...5...6...7...8...9...10	Bounce #34 added RGB(3, 0, 0)
0...1...2...3...4...5...6...7...8...9...10	Bounce #35 added RGB(2, 0, 0)
0...1...2...3...4...5...6...7...8...9...10	Bounce #36 added RGB(2, 0, 0)
0...1...2...3...4...5...6...7...8...9...10	Bounce #37 added RGB(1, 0, 0)
0...1...2...3...4...5...6...7...8...9...10	Bounce #38 added RGB(1, 0, 0)
Build Patch/Sample Hash Table(s).....Done<0.0036 sec>
0...1...2...3...4...5...6...7...8...9...10FinalLightFace Done
0 of 0 (0% of) surface lights went in leaf ambient cubes.
0...1...2...3...4...5...6...7...8...9...10Writing leaf ambient...done
Ready to Finish

Object names       Objects/Maxobjs  Memory / Maxmem  Fullness 
------------       ---------------  ---------------  -------- 
models                   9/1024          432/49152    ( 0.9%) 
brushes                143/8192         1716/98304    ( 1.7%) 
brushsides             863/65536        6904/524288   ( 1.3%) 
planes                 396/65536        7920/1310720  ( 0.6%) 
vertexes               785/65536        9420/786432   ( 1.2%) 
nodes                  283/65536        9056/2097152  ( 0.4%) 
texinfos                80/12288        5760/884736   ( 0.7%) 
texdata                 26/2048          832/65536    ( 1.3%) 
dispinfos                0/0               0/0        ( 0.0%) 
disp_verts               0/0               0/0        ( 0.0%) 
disp_tris                0/0               0/0        ( 0.0%) 
disp_lmsamples           0/0               0/0        ( 0.0%) 
faces                  425/65536       23800/3670016  ( 0.6%) 
hdr faces                0/65536           0/3670016  ( 0.0%) 
origfaces              275/65536       15400/3670016  ( 0.4%) 
leaves                 293/65536        9376/2097152  ( 0.4%) 
leaffaces              705/65536        1410/131072   ( 1.1%) 
leafbrushes            300/65536         600/131072   ( 0.5%) 
areas                    5/256            40/2048     ( 2.0%) 
surfedges             3080/512000      12320/2048000  ( 0.6%) 
edges                 1850/256000       7400/1024000  ( 0.7%) 
LDR worldlights         38/8192         3344/720896   ( 0.5%) 
HDR worldlights          0/8192            0/720896   ( 0.0%) 
leafwaterdata            0/32768           0/393216   ( 0.0%) 
waterstrips             44/32768         440/327680   ( 0.1%) 
waterverts               0/65536           0/786432   ( 0.0%) 
waterindices           660/65536        1320/131072   ( 1.0%) 
cubemapsamples           0/1024            0/16384    ( 0.0%) 
overlays                 0/512             0/180224   ( 0.0%) 
LDR lightdata         [variable]      530100/0        ( 0.0%) 
HDR lightdata         [variable]           0/0        ( 0.0%) 
visdata               [variable]        2676/16777216 ( 0.0%) 
entdata               [variable]       36441/393216   ( 9.3%) 
LDR ambient table      293/65536        1172/262144   ( 0.4%) 
HDR ambient table      293/65536        1172/262144   ( 0.4%) 
LDR leaf ambient      1324/65536       37072/1835008  ( 2.0%) 
HDR leaf ambient       293/65536        8204/1835008  ( 0.4%) 
occluders                0/0               0/0        ( 0.0%) 
occluder polygons        0/0               0/0        ( 0.0%) 
occluder vert ind        0/0               0/0        ( 0.0%) 
detail props          [variable]           1/12       ( 8.3%) 
static props          [variable]           1/5120     ( 0.0%) 
pakfile               [variable]      211672/0        ( 0.0%) 
physics               [variable]       50395/4194304  ( 1.2%) 
physics terrain       [variable]           2/1048576  ( 0.0%) 

Level flags = 0

Total triangle count: 1129
Writing c:\users\toneo\projects\lua\garry's mod\cardwars\content\maps\cw_rebels_vs_combine.bsp
2 seconds elapsed



Could not find lights.rad in lights.rad.
Trying VRAD BIN directory instead...
Warning: Couldn't open texlight file C:\Program Files (x86)\Steam\SteamApps\common\Source SDK Base 2013 Singleplayer\bin\lights.rad.
Loading c:\users\toneo\projects\lua\garry's mod\cardwars\content\maps\cw_rebels_vs_combine.bsp
425 faces
98608 square feet [14199692.00 square inches]
0 Displacements
0 Square Feet [0.00 Square Inches]
425 patches before subdivision
14583 patches after subdivision
38 direct lights
0...1...2...3...4...5...6...7...8...9...100...1...2...3...4...5...6...7...8...9...10transfers 1354005, max 259
transfer lists:  10.3 megs
0...1...2...3...4...5...6...7...8...9...10	Bounce #1 added RGB(75359, 63469, 50950)
0...1...2...3...4...5...6...7...8...9...10	Bounce #2 added RGB(29560, 16162, 10137)
0...1...2...3...4...5...6...7...8...9...10	Bounce #3 added RGB(15746, 4898, 2494)
0...1...2...3...4...5...6...7...8...9...10	Bounce #4 added RGB(9856, 1535, 631)
0...1...2...3...4...5...6...7...8...9...10	Bounce #5 added RGB(6813, 493, 163)
0...1...2...3...4...5...6...7...8...9...10	Bounce #6 added RGB(4965, 161, 42)
0...1...2...3...4...5...6...7...8...9...10	Bounce #7 added RGB(3713, 53, 11)
0...1...2...3...4...5...6...7...8...9...10	Bounce #8 added RGB(2812, 18, 3)
0...1...2...3...4...5...6...7...8...9...10	Bounce #9 added RGB(2141, 6, 1)
0...1...2...3...4...5...6...7...8...9...10	Bounce #10 added RGB(1635, 2, 0)
0...1...2...3...4...5...6...7...8...9...10	Bounce #11 added RGB(1251, 1, 0)
0...1...2...3...4...5...6...7...8...9...10	Bounce #12 added RGB(957, 0, 0)
0...1...2...3...4...5...6...7...8...9...10	Bounce #13 added RGB(732, 0, 0)
0...1...2...3...4...5...6...7...8...9...10	Bounce #14 added RGB(561, 0, 0)
0...1...2...3...4...5...6...7...8...9...10	Bounce #15 added RGB(429, 0, 0)
0...1...2...3...4...5...6...7...8...9...10	Bounce #16 added RGB(328, 0, 0)
0...1...2...3...4...5...6...7...8...9...10	Bounce #17 added RGB(251, 0, 0)
0...1...2...3...4...5...6...7...8...9...10	Bounce #18 added RGB(193, 0, 0)
0...1...2...3...4...5...6...7...8...9...10	Bounce #19 added RGB(147, 0, 0)
0...1...2...3...4...5...6...7...8...9...10	Bounce #20 added RGB(113, 0, 0)
0...1...2...3...4...5...6...7...8...9...10	Bounce #21 added RGB(86, 0, 0)
0...1...2...3...4...5...6...7...8...9...10	Bounce #22 added RGB(66, 0, 0)
0...1...2...3...4...5...6...7...8...9...10	Bounce #23 added RGB(51, 0, 0)
0...1...2...3...4...5...6...7...8...9...10	Bounce #24 added RGB(39, 0, 0)
0...1...2...3...4...5...6...7...8...9...10	Bounce #25 added RGB(30, 0, 0)
0...1...2...3...4...5...6...7...8...9...10	Bounce #26 added RGB(23, 0, 0)
0...1...2...3...4...5...6...7...8...9...10	Bounce #27 added RGB(17, 0, 0)
0...1...2...3...4...5...6...7...8...9...10	Bounce #28 added RGB(13, 0, 0)
0...1...2...3...4...5...6...7...8...9...10	Bounce #29 added RGB(10, 0, 0)
0...1...2...3...4...5...6...7...8...9...10	Bounce #30 added RGB(8, 0, 0)
0...1...2...3...4...5...6...7...8...9...10	Bounce #31 added RGB(6, 0, 0)
0...1...2...3...4...5...6...7...8...9...10	Bounce #32 added RGB(5, 0, 0)
0...1...2...3...4...5...6...7...8...9...10	Bounce #33 added RGB(4, 0, 0)
0...1...2...3...4...5...6...7...8...9...10	Bounce #34 added RGB(3, 0, 0)
0...1...2...3...4...5...6...7...8...9...10	Bounce #35 added RGB(2, 0, 0)
0...1...2...3...4...5...6...7...8...9...10	Bounce #36 added RGB(2, 0, 0)
0...1...2...3...4...5...6...7...8...9...10	Bounce #37 added RGB(1, 0, 0)
0...1...2...3...4...5...6...7...8...9...10	Bounce #38 added RGB(1, 0, 0)
Build Patch/Sample Hash Table(s).....Done<0.0035 sec>
0...1...2...3...4...5...6...7...8...9...10FinalLightFace Done
0 of 0 (0% of) surface lights went in leaf ambient cubes.
0...1...2...3...4...5...6...7...8...9...10Writing leaf ambient...done
Ready to Finish

Object names       Objects/Maxobjs  Memory / Maxmem  Fullness 
------------       ---------------  ---------------  -------- 
models                   9/1024          432/49152    ( 0.9%) 
brushes                143/8192         1716/98304    ( 1.7%) 
brushsides             863/65536        6904/524288   ( 1.3%) 
planes                 396/65536        7920/1310720  ( 0.6%) 
vertexes               785/65536        9420/786432   ( 1.2%) 
nodes                  283/65536        9056/2097152  ( 0.4%) 
texinfos                80/12288        5760/884736   ( 0.7%) 
texdata                 26/2048          832/65536    ( 1.3%) 
dispinfos                0/0               0/0        ( 0.0%) 
disp_verts               0/0               0/0        ( 0.0%) 
disp_tris                0/0               0/0        ( 0.0%) 
disp_lmsamples           0/0               0/0        ( 0.0%) 
faces                  425/65536       23800/3670016  ( 0.6%) 
hdr faces              425/65536       23800/3670016  ( 0.6%) 
origfaces              275/65536       15400/3670016  ( 0.4%) 
leaves                 293/65536        9376/2097152  ( 0.4%) 
leaffaces              705/65536        1410/131072   ( 1.1%) 
leafbrushes            300/65536         600/131072   ( 0.5%) 
areas                    5/256            40/2048     ( 2.0%) 
surfedges             3080/512000      12320/2048000  ( 0.6%) 
edges                 1850/256000       7400/1024000  ( 0.7%) 
LDR worldlights         38/8192         3344/720896   ( 0.5%) 
HDR worldlights         38/8192         3344/720896   ( 0.5%) 
leafwaterdata            0/32768           0/393216   ( 0.0%) 
waterstrips             44/32768         440/327680   ( 0.1%) 
waterverts               0/65536           0/786432   ( 0.0%) 
waterindices           660/65536        1320/131072   ( 1.0%) 
cubemapsamples           0/1024            0/16384    ( 0.0%) 
overlays                 0/512             0/180224   ( 0.0%) 
LDR lightdata         [variable]      530100/0        ( 0.0%) 
HDR lightdata         [variable]      530100/0        ( 0.0%) 
visdata               [variable]        2676/16777216 ( 0.0%) 
entdata               [variable]       36441/393216   ( 9.3%) 
LDR ambient table      293/65536        1172/262144   ( 0.4%) 
HDR ambient table      293/65536        1172/262144   ( 0.4%) 
LDR leaf ambient      1324/65536       37072/1835008  ( 2.0%) 
HDR leaf ambient      1324/65536       37072/1835008  ( 2.0%) 
occluders                0/0               0/0        ( 0.0%) 
occluder polygons        0/0               0/0        ( 0.0%) 
occluder vert ind        0/0               0/0        ( 0.0%) 
detail props          [variable]           1/12       ( 8.3%) 
static props          [variable]           1/5120     ( 0.0%) 
pakfile               [variable]      211672/0        ( 0.0%) 
physics               [variable]       50395/4194304  ( 1.2%) 
physics terrain       [variable]           2/1048576  ( 0.0%) 

Level flags = 0

Total triangle count: 1129
Writing c:\users\toneo\projects\lua\garry's mod\cardwars\content\maps\cw_rebels_vs_combine.bsp
2 seconds elapsed



materialPath: C:\Program Files (x86)\Steam\SteamApps\common\Source SDK Base 2013 Singleplayer\hl2\materials
Loading C:\Users\Toneo\Projects\Lua\Garry's Mod\cardwars\content\maps\cw_rebels_vs_combine.vmf
Could not locate 'GameData' key in c:\program files (x86)\steam\steamapps\common\source sdk base 2013 singleplayer\hl2\gameinfo.txt
fixing up env_cubemap materials on brush sides...
0...1...2...3...4...5...6...7...8...9...100...1...2...3...4...5...6...7...8...9...10Processing areas...done (0)
Building Faces...done (0)
Chop Details...done (0)
Find Visible Detail Sides...
Merged 8 detail faces...done (0)
Merging details...done (0)
FixTjuncs...
PruneNodes...
WriteBSP...
done (0)
writing C:\Users\Toneo\Projects\Lua\Garry's Mod\cardwars\content\maps\cw_rebels_vs_combine.prt...Building visibility clusters...
done (0)
Creating default LDR cubemaps for env_cubemap using skybox materials:
   skybox/sky_day01_01*.vmt
 ! Run buildcubemaps in the engine to get the correct cube maps.
Creating default HDR cubemaps for env_cubemap using skybox materials:
   skybox/sky_day01_01*.vmt
 ! Run buildcubemaps in the engine to get the correct cube maps.
Finding displacement neighbors...
Finding lightmap sample positions...
Displacement Alpha : 0...1...2...3...4...5...6...7...8...9...10
Building Physics collision data...
done (0) (50395 bytes)
Placing detail props : 0...1...2...3...4...5...6...7...8...9...10
Compacting texture/material tables...
Reduced 153 texinfos to 80
Reduced 29 texdatas to 26 (674 bytes to 580)
Writing C:\Users\Toneo\Projects\Lua\Garry's Mod\cardwars\content\maps\cw_rebels_vs_combine.bsp
0 seconds elapsed



8 threads
reading c:\users\toneo\projects\lua\garry's mod\cardwars\content\maps\cw_rebels_vs_combine.bsp
reading c:\users\toneo\projects\lua\garry's mod\cardwars\content\maps\cw_rebels_vs_combine.prt
 114 portalclusters
 314 numportals
0...1...2...3...4...5...6...7...8...9...100...1...2...3...4...5...6...7...8...9...10Optimized: 0 visible clusters (0.00%)
Total clusters visible: 3612
Average clusters visible: 31
Building PAS...
Average clusters audible: 34
visdatasize:2676  compressed from 3648
writing c:\users\toneo\projects\lua\garry's mod\cardwars\content\maps\cw_rebels_vs_combine.bsp
0 seconds elapsed



Could not find lights.rad in lights.rad.
Trying VRAD BIN directory instead...
Warning: Couldn't open texlight file C:\Program Files (x86)\Steam\SteamApps\common\Source SDK Base 2013 Singleplayer\bin\lights.rad.
Loading c:\users\toneo\projects\lua\garry's mod\cardwars\content\maps\cw_rebels_vs_combine.bsp
425 faces
98608 square feet [14199692.00 square inches]
0 Displacements
0 Square Feet [0.00 Square Inches]
425 patches before subdivision
14583 patches after subdivision
38 direct lights
0...1...2...3...4...5...6...7...8...9...100...1...2...3...4...5...6...7...8...9...10transfers 1354005, max 259
transfer lists:  10.3 megs
0...1...2...3...4...5...6...7...8...9...10	Bounce #1 added RGB(75359, 63469, 50950)
0...1...2...3...4...5...6...7...8...9...10	Bounce #2 added RGB(29560, 16162, 10137)
0...1...2...3...4...5...6...7...8...9...10	Bounce #3 added RGB(15746, 4898, 2494)
0...1...2...3...4...5...6...7...8...9...10	Bounce #4 added RGB(9856, 1535, 631)
0...1...2...3...4...5...6...7...8...9...10	Bounce #5 added RGB(6813, 493, 163)
0...1...2...3...4...5...6...7...8...9...10	Bounce #6 added RGB(4965, 161, 42)
0...1...2...3...4...5...6...7...8...9...10	Bounce #7 added RGB(3713, 53, 11)
0...1...2...3...4...5...6...7...8...9...10	Bounce #8 added RGB(2812, 18, 3)
0...1...2...3...4...5...6...7...8...9...10	Bounce #9 added RGB(2141, 6, 1)
0...1...2...3...4...5...6...7...8...9...10	Bounce #10 added RGB(1635, 2, 0)
0...1...2...3...4...5...6...7...8...9...10	Bounce #11 added RGB(1251, 1, 0)
0...1...2...3...4...5...6...7...8...9...10	Bounce #12 added RGB(957, 0, 0)
0...1...2...3...4...5...6...7...8...9...10	Bounce #13 added RGB(732, 0, 0)
0...1...2...3...4...5...6...7...8...9...10	Bounce #14 added RGB(561, 0, 0)
0...1...2...3...4...5...6...7...8...9...10	Bounce #15 added RGB(429, 0, 0)
0...1...2...3...4...5...6...7...8...9...10	Bounce #16 added RGB(328, 0, 0)
0...1...2...3...4...5...6...7...8...9...10	Bounce #17 added RGB(251, 0, 0)
0...1...2...3...4...5...6...7...8...9...10	Bounce #18 added RGB(193, 0, 0)
0...1...2...3...4...5...6...7...8...9...10	Bounce #19 added RGB(147, 0, 0)
0...1...2...3...4...5...6...7...8...9...10	Bounce #20 added RGB(113, 0, 0)
0...1...2...3...4...5...6...7...8...9...10	Bounce #21 added RGB(86, 0, 0)
0...1...2...3...4...5...6...7...8...9...10	Bounce #22 added RGB(66, 0, 0)
0...1...2...3...4...5...6...7...8...9...10	Bounce #23 added RGB(51, 0, 0)
0...1...2...3...4...5...6...7...8...9...10	Bounce #24 added RGB(39, 0, 0)
0...1...2...3...4...5...6...7...8...9...10	Bounce #25 added RGB(30, 0, 0)
0...1...2...3...4...5...6...7...8...9...10	Bounce #26 added RGB(23, 0, 0)
0...1...2...3...4...5...6...7...8...9...10	Bounce #27 added RGB(17, 0, 0)
0...1...2...3...4...5...6...7...8...9...10	Bounce #28 added RGB(13, 0, 0)
0...1...2...3...4...5...6...7...8...9...10	Bounce #29 added RGB(10, 0, 0)
0...1...2...3...4...5...6...7...8...9...10	Bounce #30 added RGB(8, 0, 0)
0...1...2...3...4...5...6...7...8...9...10	Bounce #31 added RGB(6, 0, 0)
0...1...2...3...4...5...6...7...8...9...10	Bounce #32 added RGB(5, 0, 0)
0...1...2...3...4...5...6...7...8...9...10	Bounce #33 added RGB(4, 0, 0)
0...1...2...3...4...5...6...7...8...9...10	Bounce #34 added RGB(3, 0, 0)
0...1...2...3...4...5...6...7...8...9...10	Bounce #35 added RGB(2, 0, 0)
0...1...2...3...4...5...6...7...8...9...10	Bounce #36 added RGB(2, 0, 0)
0...1...2...3...4...5...6...7...8...9...10	Bounce #37 added RGB(1, 0, 0)
0...1...2...3...4...5...6...7...8...9...10	Bounce #38 added RGB(1, 0, 0)
Build Patch/Sample Hash Table(s).....Done<0.0035 sec>
0...1...2...3...4...5...6...7...8...9...10FinalLightFace Done
0 of 0 (0% of) surface lights went in leaf ambient cubes.
0...1...2...3...4...5...6...7...8...9...10Writing leaf ambient...done
Ready to Finish

Object names       Objects/Maxobjs  Memory / Maxmem  Fullness 
------------       ---------------  ---------------  -------- 
models                   9/1024          432/49152    ( 0.9%) 
brushes                143/8192         1716/98304    ( 1.7%) 
brushsides             863/65536        6904/524288   ( 1.3%) 
planes                 396/65536        7920/1310720  ( 0.6%) 
vertexes               785/65536        9420/786432   ( 1.2%) 
nodes                  283/65536        9056/2097152  ( 0.4%) 
texinfos                80/12288        5760/884736   ( 0.7%) 
texdata                 26/2048          832/65536    ( 1.3%) 
dispinfos                0/0               0/0        ( 0.0%) 
disp_verts               0/0               0/0        ( 0.0%) 
disp_tris                0/0               0/0        ( 0.0%) 
disp_lmsamples           0/0               0/0        ( 0.0%) 
faces                  425/65536       23800/3670016  ( 0.6%) 
hdr faces                0/65536           0/3670016  ( 0.0%) 
origfaces              275/65536       15400/3670016  ( 0.4%) 
leaves                 293/65536        9376/2097152  ( 0.4%) 
leaffaces              705/65536        1410/131072   ( 1.1%) 
leafbrushes            300/65536         600/131072   ( 0.5%) 
areas                    5/256            40/2048     ( 2.0%) 
surfedges             3080/512000      12320/2048000  ( 0.6%) 
edges                 1850/256000       7400/1024000  ( 0.7%) 
LDR worldlights         38/8192         3344/720896   ( 0.5%) 
HDR worldlights          0/8192            0/720896   ( 0.0%) 
leafwaterdata            0/32768           0/393216   ( 0.0%) 
waterstrips             44/32768         440/327680   ( 0.1%) 
waterverts               0/65536           0/786432   ( 0.0%) 
waterindices           660/65536        1320/131072   ( 1.0%) 
cubemapsamples           0/1024            0/16384    ( 0.0%) 
overlays                 0/512             0/180224   ( 0.0%) 
LDR lightdata         [variable]      530100/0        ( 0.0%) 
HDR lightdata         [variable]           0/0        ( 0.0%) 
visdata               [variable]        2676/16777216 ( 0.0%) 
entdata               [variable]       36445/393216   ( 9.3%) 
LDR ambient table      293/65536        1172/262144   ( 0.4%) 
HDR ambient table      293/65536        1172/262144   ( 0.4%) 
LDR leaf ambient      1324/65536       37072/1835008  ( 2.0%) 
HDR leaf ambient       293/65536        8204/1835008  ( 0.4%) 
occluders                0/0               0/0        ( 0.0%) 
occluder polygons        0/0               0/0        ( 0.0%) 
occluder vert ind        0/0               0/0        ( 0.0%) 
detail props          [variable]           1/12       ( 8.3%) 
static props          [variable]           1/5120     ( 0.0%) 
pakfile               [variable]      211672/0        ( 0.0%) 
physics               [variable]       50395/4194304  ( 1.2%) 
physics terrain       [variable]           2/1048576  ( 0.0%) 

Level flags = 0

Total triangle count: 1129
Writing c:\users\toneo\projects\lua\garry's mod\cardwars\content\maps\cw_rebels_vs_combine.bsp
2 seconds elapsed



Could not find lights.rad in lights.rad.
Trying VRAD BIN directory instead...
Warning: Couldn't open texlight file C:\Program Files (x86)\Steam\SteamApps\common\Source SDK Base 2013 Singleplayer\bin\lights.rad.
Loading c:\users\toneo\projects\lua\garry's mod\cardwars\content\maps\cw_rebels_vs_combine.bsp
425 faces
98608 square feet [14199692.00 square inches]
0 Displacements
0 Square Feet [0.00 Square Inches]
425 patches before subdivision
14583 patches after subdivision
38 direct lights
0...1...2...3...4...5...6...7...8...9...100...1...2...3...4...5...6...7...8...9...10transfers 1354005, max 259
transfer lists:  10.3 megs
0...1...2...3...4...5...6...7...8...9...10	Bounce #1 added RGB(75359, 63469, 50950)
0...1...2...3...4...5...6...7...8...9...10	Bounce #2 added RGB(29561, 16162, 10137)
0...1...2...3...4...5...6...7...8...9...10	Bounce #3 added RGB(15746, 4898, 2494)
0...1...2...3...4...5...6...7...8...9...10	Bounce #4 added RGB(9856, 1535, 631)
0...1...2...3...4...5...6...7...8...9...10	Bounce #5 added RGB(6813, 493, 163)
0...1...2...3...4...5...6...7...8...9...10	Bounce #6 added RGB(4965, 161, 42)
0...1...2...3...4...5...6...7...8...9...10	Bounce #7 added RGB(3713, 53, 11)
0...1...2...3...4...5...6...7...8...9...10	Bounce #8 added RGB(2812, 18, 3)
0...1...2...3...4...5...6...7...8...9...10	Bounce #9 added RGB(2141, 6, 1)
0...1...2...3...4...5...6...7...8...9...10	Bounce #10 added RGB(1635, 2, 0)
0...1...2...3...4...5...6...7...8...9...10	Bounce #11 added RGB(1251, 1, 0)
0...1...2...3...4...5...6...7...8...9...10	Bounce #12 added RGB(957, 0, 0)
0...1...2...3...4...5...6...7...8...9...10	Bounce #13 added RGB(732, 0, 0)
0...1...2...3...4...5...6...7...8...9...10	Bounce #14 added RGB(561, 0, 0)
0...1...2...3...4...5...6...7...8...9...10	Bounce #15 added RGB(429, 0, 0)
0...1...2...3...4...5...6...7...8...9...10	Bounce #16 added RGB(328, 0, 0)
0...1...2...3...4...5...6...7...8...9...10	Bounce #17 added RGB(251, 0, 0)
0...1...2...3...4...5...6...7...8...9...10	Bounce #18 added RGB(193, 0, 0)
0...1...2...3...4...5...6...7...8...9...10	Bounce #19 added RGB(147, 0, 0)
0...1...2...3...4...5...6...7...8...9...10	Bounce #20 added RGB(113, 0, 0)
0...1...2...3...4...5...6...7...8...9...10	Bounce #21 added RGB(86, 0, 0)
0...1...2...3...4...5...6...7...8...9...10	Bounce #22 added RGB(66, 0, 0)
0...1...2...3...4...5...6...7...8...9...10	Bounce #23 added RGB(51, 0, 0)
0...1...2...3...4...5...6...7...8...9...10	Bounce #24 added RGB(39, 0, 0)
0...1...2...3...4...5...6...7...8...9...10	Bounce #25 added RGB(30, 0, 0)
0...1...2...3...4...5...6...7...8...9...10	Bounce #26 added RGB(23, 0, 0)
0...1...2...3...4...5...6...7...8...9...10	Bounce #27 added RGB(17, 0, 0)
0...1...2...3...4...5...6...7...8...9...10	Bounce #28 added RGB(13, 0, 0)
0...1...2...3...4...5...6...7...8...9...10	Bounce #29 added RGB(10, 0, 0)
0...1...2...3...4...5...6...7...8...9...10	Bounce #30 added RGB(8, 0, 0)
0...1...2...3...4...5...6...7...8...9...10	Bounce #31 added RGB(6, 0, 0)
0...1...2...3...4...5...6...7...8...9...10	Bounce #32 added RGB(5, 0, 0)
0...1...2...3...4...5...6...7...8...9...10	Bounce #33 added RGB(4, 0, 0)
0...1...2...3...4...5...6...7...8...9...10	Bounce #34 added RGB(3, 0, 0)
0...1...2...3...4...5...6...7...8...9...10	Bounce #35 added RGB(2, 0, 0)
0...1...2...3...4...5...6...7...8...9...10	Bounce #36 added RGB(2, 0, 0)
0...1...2...3...4...5...6...7...8...9...10	Bounce #37 added RGB(1, 0, 0)
0...1...2...3...4...5...6...7...8...9...10	Bounce #38 added RGB(1, 0, 0)
Build Patch/Sample Hash Table(s).....Done<0.0052 sec>
0...1...2...3...4...5...6...7...8...9...10FinalLightFace Done
0 of 0 (0% of) surface lights went in leaf ambient cubes.
0...1...2...3...4...5...6...7...8...9...10Writing leaf ambient...done
Ready to Finish

Object names       Objects/Maxobjs  Memory / Maxmem  Fullness 
------------       ---------------  ---------------  -------- 
models                   9/1024          432/49152    ( 0.9%) 
brushes                143/8192         1716/98304    ( 1.7%) 
brushsides             863/65536        6904/524288   ( 1.3%) 
planes                 396/65536        7920/1310720  ( 0.6%) 
vertexes               785/65536        9420/786432   ( 1.2%) 
nodes                  283/65536        9056/2097152  ( 0.4%) 
texinfos                80/12288        5760/884736   ( 0.7%) 
texdata                 26/2048          832/65536    ( 1.3%) 
dispinfos                0/0               0/0        ( 0.0%) 
disp_verts               0/0               0/0        ( 0.0%) 
disp_tris                0/0               0/0        ( 0.0%) 
disp_lmsamples           0/0               0/0        ( 0.0%) 
faces                  425/65536       23800/3670016  ( 0.6%) 
hdr faces              425/65536       23800/3670016  ( 0.6%) 
origfaces              275/65536       15400/3670016  ( 0.4%) 
leaves                 293/65536        9376/2097152  ( 0.4%) 
leaffaces              705/65536        1410/131072   ( 1.1%) 
leafbrushes            300/65536         600/131072   ( 0.5%) 
areas                    5/256            40/2048     ( 2.0%) 
surfedges             3080/512000      12320/2048000  ( 0.6%) 
edges                 1850/256000       7400/1024000  ( 0.7%) 
LDR worldlights         38/8192         3344/720896   ( 0.5%) 
HDR worldlights         38/8192         3344/720896   ( 0.5%) 
leafwaterdata            0/32768           0/393216   ( 0.0%) 
waterstrips             44/32768         440/327680   ( 0.1%) 
waterverts               0/65536           0/786432   ( 0.0%) 
waterindices           660/65536        1320/131072   ( 1.0%) 
cubemapsamples           0/1024            0/16384    ( 0.0%) 
overlays                 0/512             0/180224   ( 0.0%) 
LDR lightdata         [variable]      530100/0        ( 0.0%) 
HDR lightdata         [variable]      530100/0        ( 0.0%) 
visdata               [variable]        2676/16777216 ( 0.0%) 
entdata               [variable]       36445/393216   ( 9.3%) 
LDR ambient table      293/65536        1172/262144   ( 0.4%) 
HDR ambient table      293/65536        1172/262144   ( 0.4%) 
LDR leaf ambient      1324/65536       37072/1835008  ( 2.0%) 
HDR leaf ambient      1324/65536       37072/1835008  ( 2.0%) 
occluders                0/0               0/0        ( 0.0%) 
occluder polygons        0/0               0/0        ( 0.0%) 
occluder vert ind        0/0               0/0        ( 0.0%) 
detail props          [variable]           1/12       ( 8.3%) 
static props          [variable]           1/5120     ( 0.0%) 
pakfile               [variable]      211672/0        ( 0.0%) 
physics               [variable]       50395/4194304  ( 1.2%) 
physics terrain       [variable]           2/1048576  ( 0.0%) 

Level flags = 0

Total triangle count: 1129
Writing c:\users\toneo\projects\lua\garry's mod\cardwars\content\maps\cw_rebels_vs_combine.bsp
2 seconds elapsed



materialPath: C:\Program Files (x86)\Steam\SteamApps\common\Source SDK Base 2013 Singleplayer\hl2\materials
Loading C:\Users\Toneo\Projects\Lua\Garry's Mod\cardwars\content\maps\cw_rebels_vs_combine.vmf
Could not locate 'GameData' key in c:\program files (x86)\steam\steamapps\common\source sdk base 2013 singleplayer\hl2\gameinfo.txt
fixing up env_cubemap materials on brush sides...
0...1...2...3...4...5...6...7...8...9...100...1...2...3...4...5...6...7...8...9...10Processing areas...done (0)
Building Faces...done (0)
Chop Details...done (0)
Find Visible Detail Sides...
Merged 8 detail faces...done (0)
Merging details...done (0)
FixTjuncs...
PruneNodes...
WriteBSP...
done (0)
writing C:\Users\Toneo\Projects\Lua\Garry's Mod\cardwars\content\maps\cw_rebels_vs_combine.prt...Building visibility clusters...
done (0)
Creating default LDR cubemaps for env_cubemap using skybox materials:
   skybox/sky_day01_01*.vmt
 ! Run buildcubemaps in the engine to get the correct cube maps.
Creating default HDR cubemaps for env_cubemap using skybox materials:
   skybox/sky_day01_01*.vmt
 ! Run buildcubemaps in the engine to get the correct cube maps.
Finding displacement neighbors...
Finding lightmap sample positions...
Displacement Alpha : 0...1...2...3...4...5...6...7...8...9...10
Building Physics collision data...
done (0) (50395 bytes)
Placing detail props : 0...1...2...3...4...5...6...7...8...9...10
Compacting texture/material tables...
Reduced 153 texinfos to 80
Reduced 29 texdatas to 26 (674 bytes to 580)
Writing C:\Users\Toneo\Projects\Lua\Garry's Mod\cardwars\content\maps\cw_rebels_vs_combine.bsp
0 seconds elapsed



8 threads
reading c:\users\toneo\projects\lua\garry's mod\cardwars\content\maps\cw_rebels_vs_combine.bsp
reading c:\users\toneo\projects\lua\garry's mod\cardwars\content\maps\cw_rebels_vs_combine.prt
 114 portalclusters
 314 numportals
0...1...2...3...4...5...6...7...8...9...100...1...2...3...4...5...6...7...8...9...10Optimized: 0 visible clusters (0.00%)
Total clusters visible: 3612
Average clusters visible: 31
Building PAS...
Average clusters audible: 34
visdatasize:2676  compressed from 3648
writing c:\users\toneo\projects\lua\garry's mod\cardwars\content\maps\cw_rebels_vs_combine.bsp
0 seconds elapsed



Could not find lights.rad in lights.rad.
Trying VRAD BIN directory instead...
Warning: Couldn't open texlight file C:\Program Files (x86)\Steam\SteamApps\common\Source SDK Base 2013 Singleplayer\bin\lights.rad.
Loading c:\users\toneo\projects\lua\garry's mod\cardwars\content\maps\cw_rebels_vs_combine.bsp
425 faces
98608 square feet [14199692.00 square inches]
0 Displacements
0 Square Feet [0.00 Square Inches]
425 patches before subdivision
14583 patches after subdivision
38 direct lights
0...1...2...3...4...5...6...7...8...9...100...1...2...3...4...5...6...7...8...9...10transfers 1359524, max 259
transfer lists:  10.4 megs
0...1...2...3...4...5...6...7...8...9...10	Bounce #1 added RGB(75865, 63964, 51400)
0...1...2...3...4...5...6...7...8...9...10	Bounce #2 added RGB(29617, 16216, 10182)
0...1...2...3...4...5...6...7...8...9...10	Bounce #3 added RGB(15752, 4904, 2498)
0...1...2...3...4...5...6...7...8...9...10	Bounce #4 added RGB(9857, 1535, 632)
0...1...2...3...4...5...6...7...8...9...10	Bounce #5 added RGB(6813, 493, 163)
0...1...2...3...4...5...6...7...8...9...10	Bounce #6 added RGB(4965, 161, 42)
0...1...2...3...4...5...6...7...8...9...10	Bounce #7 added RGB(3713, 53, 11)
0...1...2...3...4...5...6...7...8...9...10	Bounce #8 added RGB(2812, 18, 3)
0...1...2...3...4...5...6...7...8...9...10	Bounce #9 added RGB(2141, 6, 1)
0...1...2...3...4...5...6...7...8...9...10	Bounce #10 added RGB(1635, 2, 0)
0...1...2...3...4...5...6...7...8...9...10	Bounce #11 added RGB(1251, 1, 0)
0...1...2...3...4...5...6...7...8...9...10	Bounce #12 added RGB(957, 0, 0)
0...1...2...3...4...5...6...7...8...9...10	Bounce #13 added RGB(732, 0, 0)
0...1...2...3...4...5...6...7...8...9...10	Bounce #14 added RGB(561, 0, 0)
0...1...2...3...4...5...6...7...8...9...10	Bounce #15 added RGB(429, 0, 0)
0...1...2...3...4...5...6...7...8...9...10	Bounce #16 added RGB(329, 0, 0)
0...1...2...3...4...5...6...7...8...9...10	Bounce #17 added RGB(251, 0, 0)
0...1...2...3...4...5...6...7...8...9...10	Bounce #18 added RGB(193, 0, 0)
0...1...2...3...4...5...6...7...8...9...10	Bounce #19 added RGB(147, 0, 0)
0...1...2...3...4...5...6...7...8...9...10	Bounce #20 added RGB(113, 0, 0)
0...1...2...3...4...5...6...7...8...9...10	Bounce #21 added RGB(86, 0, 0)
0...1...2...3...4...5...6...7...8...9...10	Bounce #22 added RGB(66, 0, 0)
0...1...2...3...4...5...6...7...8...9...10	Bounce #23 added RGB(51, 0, 0)
0...1...2...3...4...5...6...7...8...9...10	Bounce #24 added RGB(39, 0, 0)
0...1...2...3...4...5...6...7...8...9...10	Bounce #25 added RGB(30, 0, 0)
0...1...2...3...4...5...6...7...8...9...10	Bounce #26 added RGB(23, 0, 0)
0...1...2...3...4...5...6...7...8...9...10	Bounce #27 added RGB(17, 0, 0)
0...1...2...3...4...5...6...7...8...9...10	Bounce #28 added RGB(13, 0, 0)
0...1...2...3...4...5...6...7...8...9...10	Bounce #29 added RGB(10, 0, 0)
0...1...2...3...4...5...6...7...8...9...10	Bounce #30 added RGB(8, 0, 0)
0...1...2...3...4...5...6...7...8...9...10	Bounce #31 added RGB(6, 0, 0)
0...1...2...3...4...5...6...7...8...9...10	Bounce #32 added RGB(5, 0, 0)
0...1...2...3...4...5...6...7...8...9...10	Bounce #33 added RGB(4, 0, 0)
0...1...2...3...4...5...6...7...8...9...10	Bounce #34 added RGB(3, 0, 0)
0...1...2...3...4...5...6...7...8...9...10	Bounce #35 added RGB(2, 0, 0)
0...1...2...3...4...5...6...7...8...9...10	Bounce #36 added RGB(2, 0, 0)
0...1...2...3...4...5...6...7...8...9...10	Bounce #37 added RGB(1, 0, 0)
0...1...2...3...4...5...6...7...8...9...10	Bounce #38 added RGB(1, 0, 0)
Build Patch/Sample Hash Table(s).....Done<0.0033 sec>
0...1...2...3...4...5...6...7...8...9...10FinalLightFace Done
0 of 0 (0% of) surface lights went in leaf ambient cubes.
0...1...2...3...4...5...6...7...8...9...10Writing leaf ambient...done
Ready to Finish

Object names       Objects/Maxobjs  Memory / Maxmem  Fullness 
------------       ---------------  ---------------  -------- 
models                   9/1024          432/49152    ( 0.9%) 
brushes                143/8192         1716/98304    ( 1.7%) 
brushsides             863/65536        6904/524288   ( 1.3%) 
planes                 396/65536        7920/1310720  ( 0.6%) 
vertexes               785/65536        9420/786432   ( 1.2%) 
nodes                  283/65536        9056/2097152  ( 0.4%) 
texinfos                80/12288        5760/884736   ( 0.7%) 
texdata                 26/2048          832/65536    ( 1.3%) 
dispinfos                0/0               0/0        ( 0.0%) 
disp_verts               0/0               0/0        ( 0.0%) 
disp_tris                0/0               0/0        ( 0.0%) 
disp_lmsamples           0/0               0/0        ( 0.0%) 
faces                  425/65536       23800/3670016  ( 0.6%) 
hdr faces                0/65536           0/3670016  ( 0.0%) 
origfaces              275/65536       15400/3670016  ( 0.4%) 
leaves                 293/65536        9376/2097152  ( 0.4%) 
leaffaces              705/65536        1410/131072   ( 1.1%) 
leafbrushes            300/65536         600/131072   ( 0.5%) 
areas                    5/256            40/2048     ( 2.0%) 
surfedges             3080/512000      12320/2048000  ( 0.6%) 
edges                 1850/256000       7400/1024000  ( 0.7%) 
LDR worldlights         38/8192         3344/720896   ( 0.5%) 
HDR worldlights          0/8192            0/720896   ( 0.0%) 
leafwaterdata            0/32768           0/393216   ( 0.0%) 
waterstrips             44/32768         440/327680   ( 0.1%) 
waterverts               0/65536           0/786432   ( 0.0%) 
waterindices           660/65536        1320/131072   ( 1.0%) 
cubemapsamples           0/1024            0/16384    ( 0.0%) 
overlays                 0/512             0/180224   ( 0.0%) 
LDR lightdata         [variable]      530100/0        ( 0.0%) 
HDR lightdata         [variable]           0/0        ( 0.0%) 
visdata               [variable]        2676/16777216 ( 0.0%) 
entdata               [variable]       37108/393216   ( 9.4%) 
LDR ambient table      293/65536        1172/262144   ( 0.4%) 
HDR ambient table      293/65536        1172/262144   ( 0.4%) 
LDR leaf ambient      1324/65536       37072/1835008  ( 2.0%) 
HDR leaf ambient       293/65536        8204/1835008  ( 0.4%) 
occluders                0/0               0/0        ( 0.0%) 
occluder polygons        0/0               0/0        ( 0.0%) 
occluder vert ind        0/0               0/0        ( 0.0%) 
detail props          [variable]           1/12       ( 8.3%) 
static props          [variable]           1/4922     ( 0.0%) 
pakfile               [variable]      211672/0        ( 0.0%) 
physics               [variable]       50395/4194304  ( 1.2%) 
physics terrain       [variable]           2/1048576  ( 0.0%) 

Level flags = 0

Total triangle count: 1129
Writing c:\users\toneo\projects\lua\garry's mod\cardwars\content\maps\cw_rebels_vs_combine.bsp
2 seconds elapsed



Could not find lights.rad in lights.rad.
Trying VRAD BIN directory instead...
Warning: Couldn't open texlight file C:\Program Files (x86)\Steam\SteamApps\common\Source SDK Base 2013 Singleplayer\bin\lights.rad.
Loading c:\users\toneo\projects\lua\garry's mod\cardwars\content\maps\cw_rebels_vs_combine.bsp
425 faces
98608 square feet [14199692.00 square inches]
0 Displacements
0 Square Feet [0.00 Square Inches]
425 patches before subdivision
14583 patches after subdivision
38 direct lights
0...1...2...3...4...5...6...7...8...9...100...1...2...3...4...5...6...7...8...9...10transfers 1359524, max 259
transfer lists:  10.4 megs
0...1...2...3...4...5...6...7...8...9...10	Bounce #1 added RGB(75865, 63964, 51400)
0...1...2...3...4...5...6...7...8...9...10	Bounce #2 added RGB(29617, 16216, 10182)
0...1...2...3...4...5...6...7...8...9...10	Bounce #3 added RGB(15752, 4904, 2498)
0...1...2...3...4...5...6...7...8...9...10	Bounce #4 added RGB(9857, 1535, 632)
0...1...2...3...4...5...6...7...8...9...10	Bounce #5 added RGB(6813, 493, 163)
0...1...2...3...4...5...6...7...8...9...10	Bounce #6 added RGB(4965, 161, 42)
0...1...2...3...4...5...6...7...8...9...10	Bounce #7 added RGB(3713, 53, 11)
0...1...2...3...4...5...6...7...8...9...10	Bounce #8 added RGB(2812, 18, 3)
0...1...2...3...4...5...6...7...8...9...10	Bounce #9 added RGB(2141, 6, 1)
0...1...2...3...4...5...6...7...8...9...10	Bounce #10 added RGB(1635, 2, 0)
0...1...2...3...4...5...6...7...8...9...10	Bounce #11 added RGB(1251, 1, 0)
0...1...2...3...4...5...6...7...8...9...10	Bounce #12 added RGB(957, 0, 0)
0...1...2...3...4...5...6...7...8...9...10	Bounce #13 added RGB(732, 0, 0)
0...1...2...3...4...5...6...7...8...9...10	Bounce #14 added RGB(561, 0, 0)
0...1...2...3...4...5...6...7...8...9...10	Bounce #15 added RGB(429, 0, 0)
0...1...2...3...4...5...6...7...8...9...10	Bounce #16 added RGB(329, 0, 0)
0...1...2...3...4...5...6...7...8...9...10	Bounce #17 added RGB(251, 0, 0)
0...1...2...3...4...5...6...7...8...9...10	Bounce #18 added RGB(193, 0, 0)
0...1...2...3...4...5...6...7...8...9...10	Bounce #19 added RGB(147, 0, 0)
0...1...2...3...4...5...6...7...8...9...10	Bounce #20 added RGB(113, 0, 0)
0...1...2...3...4...5...6...7...8...9...10	Bounce #21 added RGB(86, 0, 0)
0...1...2...3...4...5...6...7...8...9...10	Bounce #22 added RGB(66, 0, 0)
0...1...2...3...4...5...6...7...8...9...10	Bounce #23 added RGB(51, 0, 0)
0...1...2...3...4...5...6...7...8...9...10	Bounce #24 added RGB(39, 0, 0)
0...1...2...3...4...5...6...7...8...9...10	Bounce #25 added RGB(30, 0, 0)
0...1...2...3...4...5...6...7...8...9...10	Bounce #26 added RGB(23, 0, 0)
0...1...2...3...4...5...6...7...8...9...10	Bounce #27 added RGB(17, 0, 0)
0...1...2...3...4...5...6...7...8...9...10	Bounce #28 added RGB(13, 0, 0)
0...1...2...3...4...5...6...7...8...9...10	Bounce #29 added RGB(10, 0, 0)
0...1...2...3...4...5...6...7...8...9...10	Bounce #30 added RGB(8, 0, 0)
0...1...2...3...4...5...6...7...8...9...10	Bounce #31 added RGB(6, 0, 0)
0...1...2...3...4...5...6...7...8...9...10	Bounce #32 added RGB(5, 0, 0)
0...1...2...3...4...5...6...7...8...9...10	Bounce #33 added RGB(4, 0, 0)
0...1...2...3...4...5...6...7...8...9...10	Bounce #34 added RGB(3, 0, 0)
0...1...2...3...4...5...6...7...8...9...10	Bounce #35 added RGB(2, 0, 0)
0...1...2...3...4...5...6...7...8...9...10	Bounce #36 added RGB(2, 0, 0)
0...1...2...3...4...5...6...7...8...9...10	Bounce #37 added RGB(1, 0, 0)
0...1...2...3...4...5...6...7...8...9...10	Bounce #38 added RGB(1, 0, 0)
Build Patch/Sample Hash Table(s).....Done<0.0035 sec>
0...1...2...3...4...5...6...7...8...9...10FinalLightFace Done
0 of 0 (0% of) surface lights went in leaf ambient cubes.
0...1...2...3...4...5...6...7...8...9...10Writing leaf ambient...done
Ready to Finish

Object names       Objects/Maxobjs  Memory / Maxmem  Fullness 
------------       ---------------  ---------------  -------- 
models                   9/1024          432/49152    ( 0.9%) 
brushes                143/8192         1716/98304    ( 1.7%) 
brushsides             863/65536        6904/524288   ( 1.3%) 
planes                 396/65536        7920/1310720  ( 0.6%) 
vertexes               785/65536        9420/786432   ( 1.2%) 
nodes                  283/65536        9056/2097152  ( 0.4%) 
texinfos                80/12288        5760/884736   ( 0.7%) 
texdata                 26/2048          832/65536    ( 1.3%) 
dispinfos                0/0               0/0        ( 0.0%) 
disp_verts               0/0               0/0        ( 0.0%) 
disp_tris                0/0               0/0        ( 0.0%) 
disp_lmsamples           0/0               0/0        ( 0.0%) 
faces                  425/65536       23800/3670016  ( 0.6%) 
hdr faces              425/65536       23800/3670016  ( 0.6%) 
origfaces              275/65536       15400/3670016  ( 0.4%) 
leaves                 293/65536        9376/2097152  ( 0.4%) 
leaffaces              705/65536        1410/131072   ( 1.1%) 
leafbrushes            300/65536         600/131072   ( 0.5%) 
areas                    5/256            40/2048     ( 2.0%) 
surfedges             3080/512000      12320/2048000  ( 0.6%) 
edges                 1850/256000       7400/1024000  ( 0.7%) 
LDR worldlights         38/8192         3344/720896   ( 0.5%) 
HDR worldlights         38/8192         3344/720896   ( 0.5%) 
leafwaterdata            0/32768           0/393216   ( 0.0%) 
waterstrips             44/32768         440/327680   ( 0.1%) 
waterverts               0/65536           0/786432   ( 0.0%) 
waterindices           660/65536        1320/131072   ( 1.0%) 
cubemapsamples           0/1024            0/16384    ( 0.0%) 
overlays                 0/512             0/180224   ( 0.0%) 
LDR lightdata         [variable]      530100/0        ( 0.0%) 
HDR lightdata         [variable]      530100/0        ( 0.0%) 
visdata               [variable]        2676/16777216 ( 0.0%) 
entdata               [variable]       37108/393216   ( 9.4%) 
LDR ambient table      293/65536        1172/262144   ( 0.4%) 
HDR ambient table      293/65536        1172/262144   ( 0.4%) 
LDR leaf ambient      1324/65536       37072/1835008  ( 2.0%) 
HDR leaf ambient      1324/65536       37072/1835008  ( 2.0%) 
occluders                0/0               0/0        ( 0.0%) 
occluder polygons        0/0               0/0        ( 0.0%) 
occluder vert ind        0/0               0/0        ( 0.0%) 
detail props          [variable]           1/12       ( 8.3%) 
static props          [variable]           1/4922     ( 0.0%) 
pakfile               [variable]      211672/0        ( 0.0%) 
physics               [variable]       50395/4194304  ( 1.2%) 
physics terrain       [variable]           2/1048576  ( 0.0%) 

Level flags = 0

Total triangle count: 1129
Writing c:\users\toneo\projects\lua\garry's mod\cardwars\content\maps\cw_rebels_vs_combine.bsp
2 seconds elapsed
