PRT1
114
314
4 0 22 (2688 1664 -224 ) (2688 1408 -224 ) (2684 1408 -224 ) (2684 1664 -224 ) 
4 0 21 (2684 2048 -224 ) (2688 2048 -224 ) (2688 1664 -224 ) (2684 1664 -224 ) 
4 0 24 (2688 1408 -224 ) (2688 1024 -224 ) (2684 1024 -224 ) (2684 1408 -224 ) 
4 0 20 (2688 2048 -224 ) (3072 2048 -224 ) (3072 1024 -224 ) (2688 1024 -224 ) 
4 0 3 (2684 1660 -224 ) (2684 1412 -224 ) (2684 1412 -104 ) (2684 1660 -104 ) 
4 0 2 (2684 1412 -104 ) (2684 1412 128 ) (2684 1660 128 ) (2684 1660 -104 ) 
4 0 1 (2684 2048 -224 ) (2684 1660 -224 ) (2684 1660 128 ) (2684 2048 128 ) 
4 0 4 (2684 1412 -224 ) (2684 1024 -224 ) (2684 1024 128 ) (2684 1412 128 ) 
4 1 22 (2684 1664 -224 ) (2684 1660 -224 ) (2676 1660 -224 ) (2676 1664 -224 ) 
4 1 21 (2676 2048 -224 ) (2684 2048 -224 ) (2684 1664 -224 ) (2676 1664 -224 ) 
4 1 5 (2676 2048 -224 ) (2676 1660 -224 ) (2676 1660 128 ) (2676 2048 128 ) 
4 1 3 (2676 1660 -104 ) (2676 1660 -224 ) (2684 1660 -224 ) (2684 1660 -104 ) 
4 1 2 (2676 1660 128 ) (2676 1660 -104 ) (2684 1660 -104 ) (2684 1660 128 ) 
4 2 12 (2676 1412 -104 ) (2676 1412 128 ) (2676 1420 128 ) (2676 1420 -104 ) 
4 2 11 (2676 1420 128 ) (2676 1534 128 ) (2676 1534 -104 ) (2676 1420 -104 ) 
4 2 10 (2676 1538 -32 ) (2676 1538 -104 ) (2676 1534 -104 ) (2676 1534 -32 ) 
4 2 9 (2676 1534 128 ) (2676 1538 128 ) (2676 1538 -32 ) (2676 1534 -32 ) 
4 2 8 (2676 1538 128 ) (2676 1652 128 ) (2676 1652 -104 ) (2676 1538 -104 ) 
4 2 6 (2676 1652 128 ) (2676 1660 128 ) (2676 1660 -104 ) (2676 1652 -104 ) 
4 2 4 (2676 1412 128 ) (2676 1412 -104 ) (2684 1412 -104 ) (2684 1412 128 ) 
4 2 3 (2684 1412 -104 ) (2676 1412 -104 ) (2676 1660 -104 ) (2684 1660 -104 ) 
4 3 22 (2684 1660 -224 ) (2684 1412 -224 ) (2676 1412 -224 ) (2676 1660 -224 ) 
4 3 13 (2676 1420 -224 ) (2676 1412 -224 ) (2676 1412 -104 ) (2676 1420 -104 ) 
4 3 11 (2676 1534 -224 ) (2676 1420 -224 ) (2676 1420 -104 ) (2676 1534 -104 ) 
4 3 10 (2676 1538 -224 ) (2676 1534 -224 ) (2676 1534 -104 ) (2676 1538 -104 ) 
4 3 8 (2676 1652 -224 ) (2676 1538 -224 ) (2676 1538 -104 ) (2676 1652 -104 ) 
4 3 7 (2676 1660 -224 ) (2676 1652 -224 ) (2676 1652 -104 ) (2676 1660 -104 ) 
4 3 4 (2676 1412 -104 ) (2676 1412 -224 ) (2684 1412 -224 ) (2684 1412 -104 ) 
4 4 22 (2684 1412 -224 ) (2684 1408 -224 ) (2676 1408 -224 ) (2676 1412 -224 ) 
4 4 24 (2684 1408 -224 ) (2684 1024 -224 ) (2676 1024 -224 ) (2676 1408 -224 ) 
4 4 14 (2676 1412 -224 ) (2676 1024 -224 ) (2676 1024 128 ) (2676 1412 128 ) 
4 5 22 (2676 1664 -224 ) (2676 1660 -224 ) (2444 1660 -224 ) (2444 1664 -224 ) 
4 5 21 (2444 2048 -224 ) (2676 2048 -224 ) (2676 1664 -224 ) (2444 1664 -224 ) 
4 5 15 (2444 2048 -224 ) (2444 1660 -224 ) (2444 1660 128 ) (2444 2048 128 ) 
4 5 7 (2444 1660 -104 ) (2444 1660 -224 ) (2676 1660 -224 ) (2676 1660 -104 ) 
4 5 6 (2444 1660 128 ) (2444 1660 -104 ) (2676 1660 -104 ) (2676 1660 128 ) 
4 6 16 (2444 1652 -104 ) (2444 1652 128 ) (2444 1660 128 ) (2444 1660 -104 ) 
4 6 8 (2444 1652 128 ) (2444 1652 -104 ) (2676 1652 -104 ) (2676 1652 128 ) 
4 6 7 (2676 1652 -104 ) (2444 1652 -104 ) (2444 1660 -104 ) (2676 1660 -104 ) 
4 7 22 (2676 1660 -224 ) (2676 1652 -224 ) (2444 1652 -224 ) (2444 1660 -224 ) 
4 7 17 (2444 1660 -224 ) (2444 1652 -224 ) (2444 1652 -104 ) (2444 1660 -104 ) 
4 7 8 (2444 1652 -104 ) (2444 1652 -224 ) (2676 1652 -224 ) (2676 1652 -104 ) 
4 8 22 (2676 1652 -224 ) (2676 1538 -224 ) (2444 1538 -224 ) (2444 1652 -224 ) 
4 8 17 (2444 1652 -224 ) (2444 1538 -224 ) (2444 1538 -104 ) (2444 1652 -104 ) 
4 8 16 (2444 1538 -104 ) (2444 1538 128 ) (2444 1652 128 ) (2444 1652 -104 ) 
4 8 10 (2444 1538 -32 ) (2444 1538 -224 ) (2676 1538 -224 ) (2676 1538 -32 ) 
4 8 9 (2444 1538 128 ) (2444 1538 -32 ) (2676 1538 -32 ) (2676 1538 128 ) 
4 9 16 (2444 1534 -32 ) (2444 1534 128 ) (2444 1538 128 ) (2444 1538 -32 ) 
4 9 11 (2444 1534 128 ) (2444 1534 -32 ) (2676 1534 -32 ) (2676 1534 128 ) 
4 9 10 (2676 1534 -32 ) (2444 1534 -32 ) (2444 1538 -32 ) (2676 1538 -32 ) 
4 10 22 (2676 1538 -224 ) (2676 1534 -224 ) (2444 1534 -224 ) (2444 1538 -224 ) 
4 10 17 (2444 1538 -224 ) (2444 1534 -224 ) (2444 1534 -104 ) (2444 1538 -104 ) 
4 10 16 (2444 1534 -104 ) (2444 1534 -32 ) (2444 1538 -32 ) (2444 1538 -104 ) 
4 10 11 (2444 1534 -32 ) (2444 1534 -224 ) (2676 1534 -224 ) (2676 1534 -32 ) 
4 11 22 (2676 1534 -224 ) (2676 1420 -224 ) (2444 1420 -224 ) (2444 1534 -224 ) 
4 11 17 (2444 1534 -224 ) (2444 1420 -224 ) (2444 1420 -104 ) (2444 1534 -104 ) 
4 11 16 (2444 1420 -104 ) (2444 1420 128 ) (2444 1534 128 ) (2444 1534 -104 ) 
4 11 13 (2444 1420 -104 ) (2444 1420 -224 ) (2676 1420 -224 ) (2676 1420 -104 ) 
4 11 12 (2444 1420 128 ) (2444 1420 -104 ) (2676 1420 -104 ) (2676 1420 128 ) 
4 12 16 (2444 1412 -104 ) (2444 1412 128 ) (2444 1420 128 ) (2444 1420 -104 ) 
4 12 14 (2444 1412 128 ) (2444 1412 -104 ) (2676 1412 -104 ) (2676 1412 128 ) 
4 12 13 (2676 1412 -104 ) (2444 1412 -104 ) (2444 1420 -104 ) (2676 1420 -104 ) 
4 13 22 (2676 1420 -224 ) (2676 1412 -224 ) (2444 1412 -224 ) (2444 1420 -224 ) 
4 13 17 (2444 1420 -224 ) (2444 1412 -224 ) (2444 1412 -104 ) (2444 1420 -104 ) 
4 13 14 (2444 1412 -104 ) (2444 1412 -224 ) (2676 1412 -224 ) (2676 1412 -104 ) 
4 14 22 (2676 1412 -224 ) (2676 1408 -224 ) (2444 1408 -224 ) (2444 1412 -224 ) 
4 14 24 (2676 1408 -224 ) (2676 1024 -224 ) (2444 1024 -224 ) (2444 1408 -224 ) 
4 14 18 (2444 1412 -224 ) (2444 1024 -224 ) (2444 1024 128 ) (2444 1412 128 ) 
4 15 22 (2444 1664 -224 ) (2444 1660 -224 ) (2436 1660 -224 ) (2436 1664 -224 ) 
4 15 21 (2436 2048 -224 ) (2444 2048 -224 ) (2444 1664 -224 ) (2436 1664 -224 ) 
4 15 17 (2436 1660 -104 ) (2436 1660 -224 ) (2444 1660 -224 ) (2444 1660 -104 ) 
4 15 16 (2436 1660 128 ) (2436 1660 -104 ) (2444 1660 -104 ) (2444 1660 128 ) 
4 15 19 (2436 2048 -224 ) (2436 1660 -224 ) (2436 1660 128 ) (2436 2048 128 ) 
4 16 19 (2436 1412 -104 ) (2436 1412 128 ) (2436 1660 128 ) (2436 1660 -104 ) 
4 16 18 (2436 1412 128 ) (2436 1412 -104 ) (2444 1412 -104 ) (2444 1412 128 ) 
4 16 17 (2444 1412 -104 ) (2436 1412 -104 ) (2436 1660 -104 ) (2444 1660 -104 ) 
4 17 22 (2444 1660 -224 ) (2444 1412 -224 ) (2436 1412 -224 ) (2436 1660 -224 ) 
4 17 19 (2436 1660 -224 ) (2436 1412 -224 ) (2436 1412 -104 ) (2436 1660 -104 ) 
4 17 18 (2436 1412 -104 ) (2436 1412 -224 ) (2444 1412 -224 ) (2444 1412 -104 ) 
4 18 22 (2444 1412 -224 ) (2444 1408 -224 ) (2436 1408 -224 ) (2436 1412 -224 ) 
4 18 24 (2444 1408 -224 ) (2444 1024 -224 ) (2436 1024 -224 ) (2436 1408 -224 ) 
4 18 19 (2436 1412 -224 ) (2436 1024 -224 ) (2436 1024 128 ) (2436 1412 128 ) 
4 19 22 (2436 1664 -224 ) (2436 1408 -224 ) (2432 1408 -224 ) (2432 1664 -224 ) 
4 19 21 (2432 2048 -224 ) (2436 2048 -224 ) (2436 1664 -224 ) (2432 1664 -224 ) 
4 19 24 (2436 1408 -224 ) (2436 1024 -224 ) (2432 1024 -224 ) (2432 1408 -224 ) 
4 19 25 (2048 1024 -224 ) (2048 2048 -224 ) (2432 2048 -224 ) (2432 1024 -224 ) 
4 20 36 (2752 1024 -400 ) (2688 1024 -400 ) (2688 1328 -400 ) (2752 1328 -400 ) 
4 20 35 (2688 1328 -400 ) (2688 1344 -400 ) (2752 1344 -400 ) (2752 1328 -400 ) 
4 20 33 (2688 1728 -400 ) (2688 1744 -400 ) (2752 1744 -400 ) (2752 1728 -400 ) 
4 20 32 (2688 1744 -400 ) (2688 2048 -400 ) (2752 2048 -400 ) (2752 1744 -400 ) 
4 20 34 (2688 1344 -400 ) (2688 1728 -400 ) (2752 1728 -400 ) (2752 1344 -400 ) 
4 20 30 (2752 1328 -400 ) (2752 1472 -400 ) (2768 1472 -400 ) (2768 1328 -400 ) 
4 20 29 (2752 1472 -400 ) (2752 1600 -400 ) (2768 1600 -400 ) (2768 1472 -400 ) 
4 20 31 (2768 1024 -400 ) (2752 1024 -400 ) (2752 1328 -400 ) (2768 1328 -400 ) 
4 20 28 (2752 1600 -400 ) (2752 1744 -400 ) (2768 1744 -400 ) (2768 1600 -400 ) 
4 20 27 (2752 1744 -400 ) (2752 2048 -400 ) (2768 2048 -400 ) (2768 1744 -400 ) 
4 20 26 (3072 1024 -400 ) (2768 1024 -400 ) (2768 2048 -400 ) (3072 2048 -400 ) 
4 20 23 (2688 1664 -400 ) (2688 1408 -400 ) (2688 1408 -256 ) (2688 1664 -256 ) 
4 20 22 (2688 1408 -256 ) (2688 1408 -224 ) (2688 1664 -224 ) (2688 1664 -256 ) 
4 20 21 (2688 2048 -400 ) (2688 1664 -400 ) (2688 1664 -224 ) (2688 2048 -224 ) 
4 20 24 (2688 1408 -400 ) (2688 1024 -400 ) (2688 1024 -224 ) (2688 1408 -224 ) 
4 21 40 (2432 1664 -400 ) (2432 1728 -400 ) (2496 1728 -400 ) (2496 1664 -400 ) 
4 21 39 (2432 1728 -400 ) (2432 1744 -400 ) (2496 1744 -400 ) (2496 1728 -400 ) 
4 21 38 (2432 1744 -400 ) (2432 2048 -400 ) (2496 2048 -400 ) (2496 1744 -400 ) 
4 21 33 (2688 1744 -400 ) (2688 1728 -400 ) (2624 1728 -400 ) (2624 1744 -400 ) 
4 21 32 (2624 2048 -400 ) (2688 2048 -400 ) (2688 1744 -400 ) (2624 1744 -400 ) 
4 21 34 (2688 1728 -400 ) (2688 1664 -400 ) (2624 1664 -400 ) (2624 1728 -400 ) 
4 21 37 (2496 2048 -400 ) (2624 2048 -400 ) (2624 1664 -400 ) (2496 1664 -400 ) 
4 21 23 (2432 1664 -256 ) (2432 1664 -400 ) (2688 1664 -400 ) (2688 1664 -256 ) 
4 21 22 (2432 1664 -224 ) (2432 1664 -256 ) (2688 1664 -256 ) (2688 1664 -224 ) 
4 21 25 (2432 2048 -400 ) (2432 1664 -400 ) (2432 1664 -224 ) (2432 2048 -224 ) 
4 22 25 (2432 1408 -256 ) (2432 1408 -224 ) (2432 1664 -224 ) (2432 1664 -256 ) 
4 22 24 (2432 1408 -224 ) (2432 1408 -256 ) (2688 1408 -256 ) (2688 1408 -224 ) 
4 22 23 (2688 1408 -256 ) (2432 1408 -256 ) (2432 1664 -256 ) (2688 1664 -256 ) 
4 23 40 (2432 1408 -400 ) (2432 1664 -400 ) (2496 1664 -400 ) (2496 1408 -400 ) 
4 23 34 (2624 1664 -400 ) (2688 1664 -400 ) (2688 1408 -400 ) (2624 1408 -400 ) 
4 23 37 (2496 1664 -400 ) (2624 1664 -400 ) (2624 1408 -400 ) (2496 1408 -400 ) 
4 23 25 (2432 1664 -400 ) (2432 1408 -400 ) (2432 1408 -256 ) (2432 1664 -256 ) 
4 23 24 (2432 1408 -256 ) (2432 1408 -400 ) (2688 1408 -400 ) (2688 1408 -256 ) 
4 24 41 (2432 1328 -400 ) (2432 1344 -400 ) (2496 1344 -400 ) (2496 1328 -400 ) 
4 24 40 (2432 1344 -400 ) (2432 1408 -400 ) (2496 1408 -400 ) (2496 1344 -400 ) 
4 24 42 (2496 1024 -400 ) (2432 1024 -400 ) (2432 1328 -400 ) (2496 1328 -400 ) 
4 24 36 (2688 1024 -400 ) (2624 1024 -400 ) (2624 1328 -400 ) (2688 1328 -400 ) 
4 24 35 (2624 1328 -400 ) (2624 1344 -400 ) (2688 1344 -400 ) (2688 1328 -400 ) 
4 24 34 (2624 1344 -400 ) (2624 1408 -400 ) (2688 1408 -400 ) (2688 1344 -400 ) 
4 24 37 (2624 1024 -400 ) (2496 1024 -400 ) (2496 1408 -400 ) (2624 1408 -400 ) 
4 24 25 (2432 1408 -400 ) (2432 1024 -400 ) (2432 1024 -224 ) (2432 1408 -224 ) 
4 25 47 (2368 1024 -400 ) (2352 1024 -400 ) (2352 1328 -400 ) (2368 1328 -400 ) 
4 25 46 (2352 1328 -400 ) (2352 1472 -400 ) (2368 1472 -400 ) (2368 1328 -400 ) 
4 25 44 (2352 1600 -400 ) (2352 1744 -400 ) (2368 1744 -400 ) (2368 1600 -400 ) 
4 25 43 (2352 1744 -400 ) (2352 2048 -400 ) (2368 2048 -400 ) (2368 1744 -400 ) 
4 25 45 (2352 1472 -400 ) (2352 1600 -400 ) (2368 1600 -400 ) (2368 1472 -400 ) 
4 25 48 (2352 1024 -400 ) (2048 1024 -400 ) (2048 2048 -400 ) (2352 2048 -400 ) 
4 25 41 (2368 1328 -400 ) (2368 1344 -400 ) (2432 1344 -400 ) (2432 1328 -400 ) 
4 25 40 (2368 1344 -400 ) (2368 1728 -400 ) (2432 1728 -400 ) (2432 1344 -400 ) 
4 25 42 (2432 1024 -400 ) (2368 1024 -400 ) (2368 1328 -400 ) (2432 1328 -400 ) 
4 25 39 (2368 1728 -400 ) (2368 1744 -400 ) (2432 1744 -400 ) (2432 1728 -400 ) 
4 25 38 (2368 1744 -400 ) (2368 2048 -400 ) (2432 2048 -400 ) (2432 1744 -400 ) 
4 26 30 (2768 1472 -512 ) (2768 1328 -512 ) (2768 1328 -400 ) (2768 1472 -400 ) 
4 26 29 (2768 1600 -512 ) (2768 1472 -512 ) (2768 1472 -400 ) (2768 1600 -400 ) 
4 26 31 (2768 1328 -512 ) (2768 1024 -512 ) (2768 1024 -400 ) (2768 1328 -400 ) 
4 26 28 (2768 1744 -512 ) (2768 1600 -512 ) (2768 1600 -400 ) (2768 1744 -400 ) 
4 26 27 (2768 2048 -512 ) (2768 1744 -512 ) (2768 1744 -400 ) (2768 2048 -400 ) 
4 27 32 (2752 2048 -512 ) (2752 1744 -512 ) (2752 1744 -400 ) (2752 2048 -400 ) 
4 27 28 (2752 1744 -400 ) (2752 1744 -512 ) (2768 1744 -512 ) (2768 1744 -400 ) 
4 28 33 (2752 1744 -512 ) (2752 1728 -512 ) (2752 1728 -400 ) (2752 1744 -400 ) 
4 28 34 (2752 1728 -512 ) (2752 1600 -512 ) (2752 1600 -400 ) (2752 1728 -400 ) 
4 28 29 (2752 1600 -400 ) (2752 1600 -512 ) (2768 1600 -512 ) (2768 1600 -400 ) 
4 29 34 (2752 1600 -512 ) (2752 1472 -512 ) (2752 1472 -400 ) (2752 1600 -400 ) 
4 29 30 (2752 1472 -400 ) (2752 1472 -512 ) (2768 1472 -512 ) (2768 1472 -400 ) 
4 30 35 (2752 1344 -512 ) (2752 1328 -512 ) (2752 1328 -400 ) (2752 1344 -400 ) 
4 30 34 (2752 1472 -512 ) (2752 1344 -512 ) (2752 1344 -400 ) (2752 1472 -400 ) 
4 30 31 (2752 1328 -400 ) (2752 1328 -512 ) (2768 1328 -512 ) (2768 1328 -400 ) 
4 31 36 (2752 1328 -512 ) (2752 1024 -512 ) (2752 1024 -400 ) (2752 1328 -400 ) 
4 32 37 (2624 2048 -512 ) (2624 1744 -512 ) (2624 1744 -400 ) (2624 2048 -400 ) 
4 32 33 (2624 1744 -400 ) (2624 1744 -512 ) (2752 1744 -512 ) (2752 1744 -400 ) 
4 33 34 (2624 1728 -400 ) (2624 1728 -512 ) (2752 1728 -512 ) (2752 1728 -400 ) 
4 33 37 (2624 1744 -512 ) (2624 1728 -512 ) (2624 1728 -400 ) (2624 1744 -400 ) 
4 34 35 (2624 1344 -400 ) (2624 1344 -512 ) (2752 1344 -512 ) (2752 1344 -400 ) 
4 34 37 (2624 1728 -512 ) (2624 1344 -512 ) (2624 1344 -400 ) (2624 1728 -400 ) 
4 35 37 (2624 1344 -512 ) (2624 1328 -512 ) (2624 1328 -400 ) (2624 1344 -400 ) 
4 35 36 (2624 1328 -400 ) (2624 1328 -512 ) (2752 1328 -512 ) (2752 1328 -400 ) 
4 36 37 (2624 1328 -512 ) (2624 1024 -512 ) (2624 1024 -400 ) (2624 1328 -400 ) 
4 37 41 (2496 1344 -512 ) (2496 1328 -512 ) (2496 1328 -400 ) (2496 1344 -400 ) 
4 37 40 (2496 1728 -512 ) (2496 1344 -512 ) (2496 1344 -400 ) (2496 1728 -400 ) 
4 37 42 (2496 1328 -512 ) (2496 1024 -512 ) (2496 1024 -400 ) (2496 1328 -400 ) 
4 37 39 (2496 1744 -512 ) (2496 1728 -512 ) (2496 1728 -400 ) (2496 1744 -400 ) 
4 37 38 (2496 2048 -512 ) (2496 1744 -512 ) (2496 1744 -400 ) (2496 2048 -400 ) 
4 38 43 (2368 2048 -512 ) (2368 1744 -512 ) (2368 1744 -400 ) (2368 2048 -400 ) 
4 38 39 (2368 1744 -400 ) (2368 1744 -512 ) (2496 1744 -512 ) (2496 1744 -400 ) 
4 39 44 (2368 1744 -512 ) (2368 1728 -512 ) (2368 1728 -400 ) (2368 1744 -400 ) 
4 39 40 (2368 1728 -400 ) (2368 1728 -512 ) (2496 1728 -512 ) (2496 1728 -400 ) 
4 40 46 (2368 1472 -512 ) (2368 1344 -512 ) (2368 1344 -400 ) (2368 1472 -400 ) 
4 40 44 (2368 1728 -512 ) (2368 1600 -512 ) (2368 1600 -400 ) (2368 1728 -400 ) 
4 40 45 (2368 1600 -512 ) (2368 1472 -512 ) (2368 1472 -400 ) (2368 1600 -400 ) 
4 40 41 (2368 1344 -400 ) (2368 1344 -512 ) (2496 1344 -512 ) (2496 1344 -400 ) 
4 41 46 (2368 1344 -512 ) (2368 1328 -512 ) (2368 1328 -400 ) (2368 1344 -400 ) 
4 41 42 (2368 1328 -400 ) (2368 1328 -512 ) (2496 1328 -512 ) (2496 1328 -400 ) 
4 42 47 (2368 1328 -512 ) (2368 1024 -512 ) (2368 1024 -400 ) (2368 1328 -400 ) 
4 43 48 (2352 2048 -512 ) (2352 1744 -512 ) (2352 1744 -400 ) (2352 2048 -400 ) 
4 43 44 (2352 1744 -400 ) (2352 1744 -512 ) (2368 1744 -512 ) (2368 1744 -400 ) 
4 44 45 (2352 1600 -400 ) (2352 1600 -512 ) (2368 1600 -512 ) (2368 1600 -400 ) 
4 44 48 (2352 1744 -512 ) (2352 1600 -512 ) (2352 1600 -400 ) (2352 1744 -400 ) 
4 45 46 (2352 1472 -400 ) (2352 1472 -512 ) (2368 1472 -512 ) (2368 1472 -400 ) 
4 45 48 (2352 1600 -512 ) (2352 1472 -512 ) (2352 1472 -400 ) (2352 1600 -400 ) 
4 46 48 (2352 1472 -512 ) (2352 1328 -512 ) (2352 1328 -400 ) (2352 1472 -400 ) 
4 46 47 (2352 1328 -400 ) (2352 1328 -512 ) (2368 1328 -512 ) (2368 1328 -400 ) 
4 47 48 (2352 1328 -512 ) (2352 1024 -512 ) (2352 1024 -400 ) (2352 1328 -400 ) 
4 49 52 (672 1664 0 ) (192 1664 0 ) (192 1920 0 ) (672 1920 0 ) 
4 49 50 (192 1856 64 ) (192 1856 144 ) (192 1920 144 ) (192 1920 64 ) 
4 49 51 (192 1856 0 ) (192 1664 0 ) (192 1664 144 ) (192 1856 144 ) 
4 50 51 (64 1856 144 ) (64 1856 64 ) (192 1856 64 ) (192 1856 144 ) 
4 50 55 (64 1856 144 ) (64 1920 144 ) (64 1920 64 ) (64 1856 64 ) 
4 51 54 (128 1664 0 ) (64 1664 0 ) (64 1856 0 ) (128 1856 0 ) 
4 51 52 (192 1664 0 ) (128 1664 0 ) (128 1856 0 ) (192 1856 0 ) 
4 51 55 (64 1664 0 ) (64 1664 144 ) (64 1856 144 ) (64 1856 0 ) 
4 52 67 (352 1824 -256 ) (352 1728 -256 ) (128 1728 -256 ) (128 1824 -256 ) 
4 52 65 (352 1920 -256 ) (448 1920 -256 ) (448 1664 -256 ) (352 1664 -256 ) 
4 52 58 (128 1664 -256 ) (576 1664 -256 ) (576 1664 -96 ) (128 1664 -96 ) 
4 52 56 (576 1664 -256 ) (672 1664 -256 ) (672 1664 -96 ) (576 1664 -96 ) 
4 52 53 (128 1920 -64 ) (128 1920 -256 ) (128 1856 -256 ) (128 1856 -64 ) 
4 52 54 (128 1664 -256 ) (128 1664 0 ) (128 1856 0 ) (128 1856 -256 ) 
4 53 54 (128 1856 -256 ) (128 1856 -64 ) (64 1856 -64 ) (64 1856 -256 ) 
4 53 55 (64 1920 -64 ) (64 1920 -256 ) (64 1856 -256 ) (64 1856 -64 ) 
4 54 67 (128 1824 -256 ) (128 1728 -256 ) (64 1728 -256 ) (64 1824 -256 ) 
4 54 58 (64 1664 -256 ) (128 1664 -256 ) (128 1664 -96 ) (64 1664 -96 ) 
4 54 55 (64 1664 -256 ) (64 1664 0 ) (64 1856 0 ) (64 1856 -256 ) 
4 55 71 (0 1920 144 ) (0 1920 -256 ) (0 1664 -256 ) (0 1664 144 ) 
4 55 67 (64 1824 -256 ) (64 1728 -256 ) (32 1728 -256 ) (32 1824 -256 ) 
4 55 58 (0 1664 -96 ) (0 1664 -256 ) (64 1664 -256 ) (64 1664 -96 ) 
4 56 58 (576 1664 -96 ) (576 1664 -256 ) (576 1568 -256 ) (576 1568 -96 ) 
4 57 59 (544 1568 0 ) (224 1568 0 ) (224 1568 -64 ) (544 1568 -64 ) 
4 58 72 (0 1664 -96 ) (0 1664 -256 ) (0 1568 -256 ) (0 1568 -96 ) 
4 58 65 (352 1664 -256 ) (448 1664 -256 ) (448 1568 -256 ) (352 1568 -256 ) 
4 58 61 (352 1568 -256 ) (448 1568 -256 ) (448 1568 -96 ) (352 1568 -96 ) 
4 59 60 (224 1544 0 ) (224 1544 -64 ) (544 1544 -64 ) (544 1544 0 ) 
4 60 62 (224 1536 -64 ) (544 1536 -64 ) (544 1536 0 ) (224 1536 0 ) 
4 61 65 (352 1568 -256 ) (448 1568 -256 ) (448 1536 -256 ) (352 1536 -256 ) 
4 61 62 (352 1536 -256 ) (448 1536 -256 ) (448 1536 -96 ) (352 1536 -96 ) 
4 62 63 (144 1308 -256 ) (144 1252 -256 ) (144 1252 -144 ) (144 1308 -144 ) 
4 63 64 (136 1308 -144 ) (136 1308 -256 ) (136 1252 -256 ) (136 1252 -144 ) 
4 64 73 (0 1024 -256 ) (0 1024 0 ) (0 1536 0 ) (0 1536 -256 ) 
4 65 67 (352 1728 -256 ) (352 1824 -256 ) (352 1824 -264 ) (352 1728 -264 ) 
4 65 66 (448 1536 -264 ) (352 1536 -264 ) (352 1920 -264 ) (448 1920 -264 ) 
4 66 69 (448 1920 -288 ) (448 1536 -288 ) (352 1536 -288 ) (352 1920 -288 ) 
4 66 68 (352 1824 -288 ) (352 1728 -288 ) (352 1728 -264 ) (352 1824 -264 ) 
4 67 68 (352 1728 -264 ) (32 1728 -264 ) (32 1824 -264 ) (352 1824 -264 ) 
4 68 70 (32 1728 -288 ) (32 1824 -288 ) (352 1824 -288 ) (352 1728 -288 ) 
4 69 70 (352 1824 -318 ) (352 1728 -318 ) (352 1728 -288 ) (352 1824 -288 ) 
4 71 72 (-96 1664 -96 ) (-96 1664 -256 ) (0 1664 -256 ) (0 1664 -96 ) 
4 74 84 (0 256 0 ) (0 0 0 ) (0 0 256 ) (0 256 256 ) 
4 74 79 (256 0 256 ) (0 0 256 ) (0 0 0 ) (256 0 0 ) 
4 74 76 (240 48 0 ) (256 48 0 ) (256 0 0 ) (240 0 0 ) 
4 74 78 (0 0 0 ) (0 48 0 ) (240 48 0 ) (240 0 0 ) 
4 74 75 (0 48 0 ) (0 256 0 ) (256 256 0 ) (256 48 0 ) 
4 75 85 (0 256 -256 ) (0 48 -256 ) (0 48 0 ) (0 256 0 ) 
4 75 76 (256 48 -120 ) (256 48 0 ) (240 48 0 ) (240 48 -120 ) 
4 75 77 (240 48 -256 ) (256 48 -256 ) (256 48 -136 ) (240 48 -136 ) 
4 75 78 (0 48 -256 ) (240 48 -256 ) (240 48 0 ) (0 48 0 ) 
4 76 80 (256 0 0 ) (240 0 0 ) (240 0 -120 ) (256 0 -120 ) 
4 76 78 (240 48 0 ) (240 48 -120 ) (240 0 -120 ) (240 0 0 ) 
4 77 81 (240 0 -136 ) (240 0 -256 ) (256 0 -256 ) (256 0 -136 ) 
4 77 78 (240 48 -136 ) (240 48 -256 ) (240 0 -256 ) (240 0 -136 ) 
4 78 85 (0 48 -256 ) (0 0 -256 ) (0 0 0 ) (0 48 0 ) 
4 78 82 (240 0 0 ) (0 0 0 ) (0 0 -256 ) (240 0 -256 ) 
4 79 86 (0 -256 256 ) (0 0 256 ) (0 0 0 ) (0 -256 0 ) 
4 79 83 (0 -256 0 ) (0 -48 0 ) (256 -48 0 ) (256 -256 0 ) 
4 79 80 (240 0 0 ) (256 0 0 ) (256 -48 0 ) (240 -48 0 ) 
4 79 82 (0 -48 0 ) (0 0 0 ) (240 0 0 ) (240 -48 0 ) 
4 80 83 (256 -48 -120 ) (256 -48 0 ) (240 -48 0 ) (240 -48 -120 ) 
4 80 82 (240 -48 -120 ) (240 -48 0 ) (240 0 0 ) (240 0 -120 ) 
4 81 83 (240 -48 -256 ) (256 -48 -256 ) (256 -48 -136 ) (240 -48 -136 ) 
4 81 82 (240 0 -256 ) (240 -48 -256 ) (240 -48 -136 ) (240 0 -136 ) 
4 82 87 (0 -48 0 ) (0 0 0 ) (0 0 -256 ) (0 -48 -256 ) 
4 82 83 (0 -48 -256 ) (240 -48 -256 ) (240 -48 0 ) (0 -48 0 ) 
4 83 87 (0 -256 0 ) (0 -48 0 ) (0 -48 -256 ) (0 -256 -256 ) 
4 84 86 (0 0 0 ) (0 0 256 ) (-256 0 256 ) (-256 0 0 ) 
4 84 85 (-256 0 0 ) (-256 256 0 ) (0 256 0 ) (0 0 0 ) 
4 85 87 (0 0 -256 ) (0 0 0 ) (-256 0 0 ) (-256 0 -256 ) 
4 86 87 (-256 -256 0 ) (-256 0 0 ) (0 0 0 ) (0 -256 0 ) 
4 88 105 (1024 -1156 -208 ) (1024 -1156 0 ) (960 -1156 0 ) (960 -1156 -208 ) 
4 88 89 (992 -1156 -208 ) (960 -1156 -208 ) (960 -1024 -208 ) (992 -1024 -208 ) 
4 88 90 (960 -1156 -208 ) (960 -1156 0 ) (960 -1024 0 ) (960 -1024 -208 ) 
3 89 106 (992 -1156 -208 ) (960 -1156 -208 ) (960 -1156 -224 ) 
4 89 90 (960 -1156 -224 ) (960 -1156 -208 ) (960 -1024 -208 ) (960 -1024 -224 ) 
4 90 108 (608 -1156 -256 ) (960 -1156 -256 ) (960 -1156 -224 ) (608 -1156 -224 ) 
4 90 107 (960 -1156 -224 ) (960 -1156 0 ) (608 -1156 0 ) (608 -1156 -224 ) 
4 90 91 (608 -1156 -52 ) (608 -1156 0 ) (608 -1024 0 ) (608 -1024 -52 ) 
4 91 107 (608 -1156 -52 ) (608 -1156 0 ) (592 -1156 0 ) (592 -1156 -52 ) 
4 91 92 (592 -1156 -52 ) (592 -1156 0 ) (592 -1024 0 ) (592 -1024 -52 ) 
4 92 107 (592 -1156 -52 ) (592 -1156 0 ) (560 -1156 0 ) (560 -1156 -52 ) 
4 92 94 (560 -1024 0 ) (560 -1024 -52 ) (560 -1156 -52 ) (560 -1156 0 ) 
4 93 100 (560 -1024 -119 ) (560 -1024 -232.168015 ) (560 -1152 -232.168015 ) (560 -1152 -119 ) 
4 93 97 (560 -1024 -104 ) (560 -1024 -119 ) (560 -1152 -119 ) (560 -1152 -104 ) 
4 94 107 (144 -1156 0 ) (144 -1156 -52 ) (560 -1156 -52 ) (560 -1156 0 ) 
4 94 95 (380 -1156 -52 ) (316 -1156 -52 ) (316 -1024 -52 ) (380 -1024 -52 ) 
4 94 96 (316 -1156 -52 ) (144 -1156 -52 ) (144 -1024 -52 ) (316 -1024 -52 ) 
3 95 107 (316 -1156 -68 ) (380 -1156 -52 ) (316 -1156 -52 ) 
4 95 96 (316 -1024 -68 ) (316 -1156 -68 ) (316 -1156 -52 ) (316 -1024 -52 ) 
4 96 107 (144 -1156 -52 ) (144 -1156 -68 ) (316 -1156 -68 ) (316 -1156 -52 ) 
4 96 99 (316 -1156 -68 ) (144 -1156 -68 ) (144 -1024 -68 ) (316 -1024 -68 ) 
4 97 100 (560 -1024 -119 ) (560 -1152 -119 ) (406 -1152 -119 ) (406 -1024 -119 ) 
4 97 98 (406 -1024 -119 ) (406 -1152 -119 ) (406 -1152 -68 ) (406 -1024 -68 ) 
5 98 107 (316 -1156 -119 ) (406 -1156 -119 ) (406 -1156 -68 ) (380 -1156 -68 ) (316 -1156 -84 ) 
4 98 103 (406 -1156 -119 ) (316 -1156 -119 ) (316 -1152 -119 ) (406 -1152 -119 ) 
4 98 100 (316 -1152 -119 ) (316 -1024 -119 ) (406 -1024 -119 ) (406 -1152 -119 ) 
4 98 99 (316 -1024 -119 ) (316 -1156 -119 ) (316 -1156 -84 ) (316 -1024 -84 ) 
4 99 107 (144 -1156 -68 ) (144 -1156 -119 ) (316 -1156 -119 ) (316 -1156 -68 ) 
4 99 103 (316 -1156 -119 ) (144 -1156 -119 ) (144 -1152 -119 ) (316 -1152 -119 ) 
4 99 100 (144 -1152 -119 ) (144 -1024 -119 ) (316 -1024 -119 ) (316 -1152 -119 ) 
4 100 104 (406 -1152 -196 ) (144 -1152 -196 ) (144 -1152 -232.168015 ) (406 -1152 -232.168015 ) 
4 100 103 (406 -1152 -119 ) (144 -1152 -119 ) (144 -1152 -196 ) (406 -1152 -196 ) 
4 100 102 (560 -1152 -196 ) (560 -1152 -119 ) (406 -1152 -119 ) (406 -1152 -196 ) 
4 100 101 (405.720642 -1152 -232.168015 ) (144 -1152 -232.168015 ) (144 -1024 -232.168015 ) (405.720642 -1024 -232.168015 ) 
4 101 104 (405.720642 -1152 -232.168015 ) (144 -1152 -232.168015 ) (144 -1152 -256 ) (366 -1152 -256 ) 
4 102 107 (406 -1156 -196 ) (560 -1156 -196 ) (560 -1156 -119 ) (406 -1156 -119 ) 
4 102 103 (406 -1152 -119 ) (406 -1152 -196 ) (406 -1156 -196 ) (406 -1156 -119 ) 
4 103 107 (144 -1156 -119 ) (144 -1156 -196 ) (406 -1156 -196 ) (406 -1156 -119 ) 
4 103 104 (144 -1152 -196 ) (406 -1152 -196 ) (406 -1156 -196 ) (144 -1156 -196 ) 
4 104 108 (144 -1156 -224 ) (144 -1156 -256 ) (406 -1156 -256 ) (406 -1156 -224 ) 
4 104 107 (144 -1156 -196 ) (144 -1156 -224 ) (406 -1156 -224 ) (406 -1156 -196 ) 
4 105 107 (960 -1156 0 ) (960 -1156 -208 ) (960 -1536 -208 ) (960 -1536 0 ) 
4 105 106 (992 -1536 -208 ) (960 -1536 -208 ) (960 -1156 -208 ) (992 -1156 -208 ) 
4 106 107 (960 -1156 -208 ) (960 -1156 -224 ) (960 -1536 -224 ) (960 -1536 -208 ) 
4 107 111 (144 -1252 -144 ) (144 -1252 -224 ) (144 -1308 -224 ) (144 -1308 -144 ) 
4 107 109 (928 -1296 -224 ) (144 -1296 -224 ) (144 -1232 -224 ) (928 -1232 -224 ) 
4 107 108 (144 -1156 -224 ) (960 -1156 -224 ) (960 -1232 -224 ) (144 -1232 -224 ) 
4 107 110 (960 -1296 -224 ) (960 -1536 -224 ) (144 -1536 -224 ) (144 -1296 -224 ) 
4 108 109 (928 -1232 -224 ) (144 -1232 -224 ) (144 -1232 -256 ) (832 -1232 -256 ) 
4 109 111 (144 -1252 -256 ) (144 -1296 -256 ) (144 -1296 -224 ) (144 -1252 -224 ) 
4 109 110 (928 -1296 -224 ) (144 -1296 -224 ) (144 -1296 -256 ) (832 -1296 -256 ) 
4 110 111 (144 -1296 -256 ) (144 -1308 -256 ) (144 -1308 -224 ) (144 -1296 -224 ) 
4 111 112 (136 -1252 -256 ) (136 -1308 -256 ) (136 -1308 -144 ) (136 -1252 -144 ) 
4 112 113 (0 -1024 0 ) (0 -1024 -256 ) (0 -1536 -256 ) (0 -1536 0 ) 
