PRT1
119
321
4 0 11 (2436 1412 -104 ) (2436 1660 -104 ) (2444 1660 -104 ) (2444 1412 -104 ) 
4 0 10 (2436 1660 -104 ) (2436 2048 -104 ) (2444 2048 -104 ) (2444 1660 -104 ) 
4 0 12 (2444 1024 -104 ) (2436 1024 -104 ) (2436 1412 -104 ) (2444 1412 -104 ) 
4 0 13 (2436 1024 -104 ) (2048 1024 -104 ) (2048 2048 -104 ) (2436 2048 -104 ) 
4 0 9 (2676 1024 -104 ) (2444 1024 -104 ) (2444 1412 -104 ) (2676 1412 -104 ) 
4 0 8 (2444 1412 -104 ) (2444 1420 -104 ) (2676 1420 -104 ) (2676 1412 -104 ) 
4 0 6 (2444 1652 -104 ) (2444 1660 -104 ) (2676 1660 -104 ) (2676 1652 -104 ) 
4 0 5 (2444 1660 -104 ) (2444 2048 -104 ) (2676 2048 -104 ) (2676 1660 -104 ) 
4 0 7 (2444 1420 -104 ) (2444 1652 -104 ) (2676 1652 -104 ) (2676 1420 -104 ) 
4 0 3 (2676 1412 -104 ) (2676 1660 -104 ) (2684 1660 -104 ) (2684 1412 -104 ) 
4 0 2 (2676 1660 -104 ) (2676 2048 -104 ) (2684 2048 -104 ) (2684 1660 -104 ) 
4 0 4 (2684 1024 -104 ) (2676 1024 -104 ) (2676 1412 -104 ) (2684 1412 -104 ) 
4 0 1 (3072 1024 -104 ) (2684 1024 -104 ) (2684 2048 -104 ) (3072 2048 -104 ) 
4 1 16 (2688 1664 -220 ) (2688 1408 -220 ) (2684 1408 -220 ) (2684 1664 -220 ) 
4 1 15 (2684 2048 -220 ) (2688 2048 -220 ) (2688 1664 -220 ) (2684 1664 -220 ) 
4 1 19 (2688 1408 -220 ) (2688 1024 -220 ) (2684 1024 -220 ) (2684 1408 -220 ) 
4 1 14 (2688 2048 -220 ) (3072 2048 -220 ) (3072 1024 -220 ) (2688 1024 -220 ) 
4 1 3 (2684 1660 -220 ) (2684 1412 -220 ) (2684 1412 -104 ) (2684 1660 -104 ) 
4 1 2 (2684 2048 -220 ) (2684 1660 -220 ) (2684 1660 -104 ) (2684 2048 -104 ) 
4 1 4 (2684 1412 -220 ) (2684 1024 -220 ) (2684 1024 -104 ) (2684 1412 -104 ) 
4 2 16 (2684 1664 -220 ) (2684 1660 -220 ) (2676 1660 -220 ) (2676 1664 -220 ) 
4 2 15 (2676 2048 -220 ) (2684 2048 -220 ) (2684 1664 -220 ) (2676 1664 -220 ) 
4 2 5 (2676 2048 -220 ) (2676 1660 -220 ) (2676 1660 -104 ) (2676 2048 -104 ) 
4 2 3 (2676 1660 -104 ) (2676 1660 -220 ) (2684 1660 -220 ) (2684 1660 -104 ) 
4 3 16 (2684 1660 -220 ) (2684 1412 -220 ) (2676 1412 -220 ) (2676 1660 -220 ) 
4 3 8 (2676 1420 -220 ) (2676 1412 -220 ) (2676 1412 -104 ) (2676 1420 -104 ) 
4 3 6 (2676 1660 -220 ) (2676 1652 -220 ) (2676 1652 -104 ) (2676 1660 -104 ) 
4 3 7 (2676 1652 -220 ) (2676 1420 -220 ) (2676 1420 -104 ) (2676 1652 -104 ) 
4 3 4 (2676 1412 -104 ) (2676 1412 -220 ) (2684 1412 -220 ) (2684 1412 -104 ) 
4 4 16 (2684 1412 -220 ) (2684 1408 -220 ) (2676 1408 -220 ) (2676 1412 -220 ) 
4 4 19 (2684 1408 -220 ) (2684 1024 -220 ) (2676 1024 -220 ) (2676 1408 -220 ) 
4 4 9 (2676 1412 -220 ) (2676 1024 -220 ) (2676 1024 -104 ) (2676 1412 -104 ) 
4 5 16 (2676 1664 -220 ) (2676 1660 -220 ) (2444 1660 -220 ) (2444 1664 -220 ) 
4 5 15 (2444 2048 -220 ) (2676 2048 -220 ) (2676 1664 -220 ) (2444 1664 -220 ) 
4 5 10 (2444 2048 -220 ) (2444 1660 -220 ) (2444 1660 -104 ) (2444 2048 -104 ) 
4 5 6 (2444 1660 -104 ) (2444 1660 -220 ) (2676 1660 -220 ) (2676 1660 -104 ) 
4 6 16 (2676 1660 -220 ) (2676 1652 -220 ) (2444 1652 -220 ) (2444 1660 -220 ) 
4 6 11 (2444 1660 -220 ) (2444 1652 -220 ) (2444 1652 -104 ) (2444 1660 -104 ) 
4 6 7 (2444 1652 -104 ) (2444 1652 -220 ) (2676 1652 -220 ) (2676 1652 -104 ) 
4 7 16 (2676 1652 -220 ) (2676 1420 -220 ) (2444 1420 -220 ) (2444 1652 -220 ) 
4 7 11 (2444 1652 -220 ) (2444 1420 -220 ) (2444 1420 -104 ) (2444 1652 -104 ) 
4 7 8 (2444 1420 -104 ) (2444 1420 -220 ) (2676 1420 -220 ) (2676 1420 -104 ) 
4 8 16 (2676 1420 -220 ) (2676 1412 -220 ) (2444 1412 -220 ) (2444 1420 -220 ) 
4 8 11 (2444 1420 -220 ) (2444 1412 -220 ) (2444 1412 -104 ) (2444 1420 -104 ) 
4 8 9 (2444 1412 -104 ) (2444 1412 -220 ) (2676 1412 -220 ) (2676 1412 -104 ) 
4 9 16 (2676 1412 -220 ) (2676 1408 -220 ) (2444 1408 -220 ) (2444 1412 -220 ) 
4 9 19 (2676 1408 -220 ) (2676 1024 -220 ) (2444 1024 -220 ) (2444 1408 -220 ) 
4 9 12 (2444 1412 -220 ) (2444 1024 -220 ) (2444 1024 -104 ) (2444 1412 -104 ) 
4 10 16 (2444 1664 -220 ) (2444 1660 -220 ) (2436 1660 -220 ) (2436 1664 -220 ) 
4 10 15 (2436 2048 -220 ) (2444 2048 -220 ) (2444 1664 -220 ) (2436 1664 -220 ) 
4 10 13 (2436 2048 -220 ) (2436 1660 -220 ) (2436 1660 -104 ) (2436 2048 -104 ) 
4 10 11 (2436 1660 -104 ) (2436 1660 -220 ) (2444 1660 -220 ) (2444 1660 -104 ) 
4 11 16 (2444 1660 -220 ) (2444 1412 -220 ) (2436 1412 -220 ) (2436 1660 -220 ) 
4 11 12 (2436 1412 -104 ) (2436 1412 -220 ) (2444 1412 -220 ) (2444 1412 -104 ) 
4 11 13 (2436 1660 -220 ) (2436 1412 -220 ) (2436 1412 -104 ) (2436 1660 -104 ) 
4 12 16 (2444 1412 -220 ) (2444 1408 -220 ) (2436 1408 -220 ) (2436 1412 -220 ) 
4 12 19 (2444 1408 -220 ) (2444 1024 -220 ) (2436 1024 -220 ) (2436 1408 -220 ) 
4 12 13 (2436 1412 -220 ) (2436 1024 -220 ) (2436 1024 -104 ) (2436 1412 -104 ) 
4 13 16 (2436 1664 -220 ) (2436 1408 -220 ) (2432 1408 -220 ) (2432 1664 -220 ) 
4 13 15 (2432 2048 -220 ) (2436 2048 -220 ) (2436 1664 -220 ) (2432 1664 -220 ) 
4 13 19 (2436 1408 -220 ) (2436 1024 -220 ) (2432 1024 -220 ) (2432 1408 -220 ) 
4 13 20 (2048 1024 -220 ) (2048 2048 -220 ) (2432 2048 -220 ) (2432 1024 -220 ) 
4 14 31 (2752 1024 -400 ) (2688 1024 -400 ) (2688 1328 -400 ) (2752 1328 -400 ) 
4 14 30 (2688 1328 -400 ) (2688 1344 -400 ) (2752 1344 -400 ) (2752 1328 -400 ) 
4 14 28 (2688 1728 -400 ) (2688 1744 -400 ) (2752 1744 -400 ) (2752 1728 -400 ) 
4 14 27 (2688 1744 -400 ) (2688 2048 -400 ) (2752 2048 -400 ) (2752 1744 -400 ) 
4 14 29 (2688 1344 -400 ) (2688 1728 -400 ) (2752 1728 -400 ) (2752 1344 -400 ) 
4 14 25 (2752 1328 -400 ) (2752 1472 -400 ) (2768 1472 -400 ) (2768 1328 -400 ) 
4 14 24 (2752 1472 -400 ) (2752 1600 -400 ) (2768 1600 -400 ) (2768 1472 -400 ) 
4 14 26 (2768 1024 -400 ) (2752 1024 -400 ) (2752 1328 -400 ) (2768 1328 -400 ) 
4 14 23 (2752 1600 -400 ) (2752 1744 -400 ) (2768 1744 -400 ) (2768 1600 -400 ) 
4 14 22 (2752 1744 -400 ) (2752 2048 -400 ) (2768 2048 -400 ) (2768 1744 -400 ) 
4 14 21 (3072 1024 -400 ) (2768 1024 -400 ) (2768 2048 -400 ) (3072 2048 -400 ) 
4 14 17 (2688 1408 -256 ) (2688 1408 -224 ) (2688 1664 -224 ) (2688 1664 -256 ) 
4 14 16 (2688 1408 -224 ) (2688 1408 -220 ) (2688 1664 -220 ) (2688 1664 -224 ) 
4 14 18 (2688 1664 -400 ) (2688 1408 -400 ) (2688 1408 -256 ) (2688 1664 -256 ) 
4 14 15 (2688 2048 -400 ) (2688 1664 -400 ) (2688 1664 -220 ) (2688 2048 -220 ) 
4 14 19 (2688 1408 -400 ) (2688 1024 -400 ) (2688 1024 -220 ) (2688 1408 -220 ) 
4 15 35 (2432 1664 -400 ) (2432 1728 -400 ) (2496 1728 -400 ) (2496 1664 -400 ) 
4 15 34 (2432 1728 -400 ) (2432 1744 -400 ) (2496 1744 -400 ) (2496 1728 -400 ) 
4 15 33 (2432 1744 -400 ) (2432 2048 -400 ) (2496 2048 -400 ) (2496 1744 -400 ) 
4 15 28 (2688 1744 -400 ) (2688 1728 -400 ) (2624 1728 -400 ) (2624 1744 -400 ) 
4 15 27 (2624 2048 -400 ) (2688 2048 -400 ) (2688 1744 -400 ) (2624 1744 -400 ) 
4 15 29 (2688 1728 -400 ) (2688 1664 -400 ) (2624 1664 -400 ) (2624 1728 -400 ) 
4 15 32 (2496 2048 -400 ) (2624 2048 -400 ) (2624 1664 -400 ) (2496 1664 -400 ) 
4 15 17 (2432 1664 -224 ) (2432 1664 -256 ) (2688 1664 -256 ) (2688 1664 -224 ) 
4 15 16 (2432 1664 -220 ) (2432 1664 -224 ) (2688 1664 -224 ) (2688 1664 -220 ) 
4 15 18 (2432 1664 -256 ) (2432 1664 -400 ) (2688 1664 -400 ) (2688 1664 -256 ) 
4 15 20 (2432 2048 -400 ) (2432 1664 -400 ) (2432 1664 -220 ) (2432 2048 -220 ) 
4 16 19 (2432 1408 -220 ) (2432 1408 -224 ) (2688 1408 -224 ) (2688 1408 -220 ) 
4 16 20 (2432 1408 -224 ) (2432 1408 -220 ) (2432 1664 -220 ) (2432 1664 -224 ) 
4 16 17 (2688 1408 -224 ) (2432 1408 -224 ) (2432 1664 -224 ) (2688 1664 -224 ) 
4 17 18 (2688 1408 -256 ) (2432 1408 -256 ) (2432 1664 -256 ) (2688 1664 -256 ) 
4 17 19 (2432 1408 -224 ) (2432 1408 -256 ) (2688 1408 -256 ) (2688 1408 -224 ) 
4 17 20 (2432 1408 -256 ) (2432 1408 -224 ) (2432 1664 -224 ) (2432 1664 -256 ) 
4 18 35 (2432 1408 -400 ) (2432 1664 -400 ) (2496 1664 -400 ) (2496 1408 -400 ) 
4 18 29 (2624 1664 -400 ) (2688 1664 -400 ) (2688 1408 -400 ) (2624 1408 -400 ) 
4 18 32 (2496 1664 -400 ) (2624 1664 -400 ) (2624 1408 -400 ) (2496 1408 -400 ) 
4 18 20 (2432 1664 -400 ) (2432 1408 -400 ) (2432 1408 -256 ) (2432 1664 -256 ) 
4 18 19 (2432 1408 -256 ) (2432 1408 -400 ) (2688 1408 -400 ) (2688 1408 -256 ) 
4 19 36 (2432 1328 -400 ) (2432 1344 -400 ) (2496 1344 -400 ) (2496 1328 -400 ) 
4 19 35 (2432 1344 -400 ) (2432 1408 -400 ) (2496 1408 -400 ) (2496 1344 -400 ) 
4 19 37 (2496 1024 -400 ) (2432 1024 -400 ) (2432 1328 -400 ) (2496 1328 -400 ) 
4 19 31 (2688 1024 -400 ) (2624 1024 -400 ) (2624 1328 -400 ) (2688 1328 -400 ) 
4 19 30 (2624 1328 -400 ) (2624 1344 -400 ) (2688 1344 -400 ) (2688 1328 -400 ) 
4 19 29 (2624 1344 -400 ) (2624 1408 -400 ) (2688 1408 -400 ) (2688 1344 -400 ) 
4 19 32 (2624 1024 -400 ) (2496 1024 -400 ) (2496 1408 -400 ) (2624 1408 -400 ) 
4 19 20 (2432 1408 -400 ) (2432 1024 -400 ) (2432 1024 -220 ) (2432 1408 -220 ) 
4 20 42 (2368 1024 -400 ) (2352 1024 -400 ) (2352 1328 -400 ) (2368 1328 -400 ) 
4 20 41 (2352 1328 -400 ) (2352 1472 -400 ) (2368 1472 -400 ) (2368 1328 -400 ) 
4 20 39 (2352 1600 -400 ) (2352 1744 -400 ) (2368 1744 -400 ) (2368 1600 -400 ) 
4 20 38 (2352 1744 -400 ) (2352 2048 -400 ) (2368 2048 -400 ) (2368 1744 -400 ) 
4 20 40 (2352 1472 -400 ) (2352 1600 -400 ) (2368 1600 -400 ) (2368 1472 -400 ) 
4 20 43 (2352 1024 -400 ) (2048 1024 -400 ) (2048 2048 -400 ) (2352 2048 -400 ) 
4 20 36 (2368 1328 -400 ) (2368 1344 -400 ) (2432 1344 -400 ) (2432 1328 -400 ) 
4 20 35 (2368 1344 -400 ) (2368 1728 -400 ) (2432 1728 -400 ) (2432 1344 -400 ) 
4 20 37 (2432 1024 -400 ) (2368 1024 -400 ) (2368 1328 -400 ) (2432 1328 -400 ) 
4 20 34 (2368 1728 -400 ) (2368 1744 -400 ) (2432 1744 -400 ) (2432 1728 -400 ) 
4 20 33 (2368 1744 -400 ) (2368 2048 -400 ) (2432 2048 -400 ) (2432 1744 -400 ) 
4 21 25 (2768 1472 -512 ) (2768 1328 -512 ) (2768 1328 -400 ) (2768 1472 -400 ) 
4 21 24 (2768 1600 -512 ) (2768 1472 -512 ) (2768 1472 -400 ) (2768 1600 -400 ) 
4 21 26 (2768 1328 -512 ) (2768 1024 -512 ) (2768 1024 -400 ) (2768 1328 -400 ) 
4 21 23 (2768 1744 -512 ) (2768 1600 -512 ) (2768 1600 -400 ) (2768 1744 -400 ) 
4 21 22 (2768 2048 -512 ) (2768 1744 -512 ) (2768 1744 -400 ) (2768 2048 -400 ) 
4 22 27 (2752 2048 -512 ) (2752 1744 -512 ) (2752 1744 -400 ) (2752 2048 -400 ) 
4 22 23 (2752 1744 -400 ) (2752 1744 -512 ) (2768 1744 -512 ) (2768 1744 -400 ) 
4 23 28 (2752 1744 -512 ) (2752 1728 -512 ) (2752 1728 -400 ) (2752 1744 -400 ) 
4 23 29 (2752 1728 -512 ) (2752 1600 -512 ) (2752 1600 -400 ) (2752 1728 -400 ) 
4 23 24 (2752 1600 -400 ) (2752 1600 -512 ) (2768 1600 -512 ) (2768 1600 -400 ) 
4 24 29 (2752 1600 -512 ) (2752 1472 -512 ) (2752 1472 -400 ) (2752 1600 -400 ) 
4 24 25 (2752 1472 -400 ) (2752 1472 -512 ) (2768 1472 -512 ) (2768 1472 -400 ) 
4 25 30 (2752 1344 -512 ) (2752 1328 -512 ) (2752 1328 -400 ) (2752 1344 -400 ) 
4 25 29 (2752 1472 -512 ) (2752 1344 -512 ) (2752 1344 -400 ) (2752 1472 -400 ) 
4 25 26 (2752 1328 -400 ) (2752 1328 -512 ) (2768 1328 -512 ) (2768 1328 -400 ) 
4 26 31 (2752 1328 -512 ) (2752 1024 -512 ) (2752 1024 -400 ) (2752 1328 -400 ) 
4 27 32 (2624 2048 -512 ) (2624 1744 -512 ) (2624 1744 -400 ) (2624 2048 -400 ) 
4 27 28 (2624 1744 -400 ) (2624 1744 -512 ) (2752 1744 -512 ) (2752 1744 -400 ) 
4 28 29 (2624 1728 -400 ) (2624 1728 -512 ) (2752 1728 -512 ) (2752 1728 -400 ) 
4 28 32 (2624 1744 -512 ) (2624 1728 -512 ) (2624 1728 -400 ) (2624 1744 -400 ) 
4 29 30 (2624 1344 -400 ) (2624 1344 -512 ) (2752 1344 -512 ) (2752 1344 -400 ) 
4 29 32 (2624 1728 -512 ) (2624 1344 -512 ) (2624 1344 -400 ) (2624 1728 -400 ) 
4 30 32 (2624 1344 -512 ) (2624 1328 -512 ) (2624 1328 -400 ) (2624 1344 -400 ) 
4 30 31 (2624 1328 -400 ) (2624 1328 -512 ) (2752 1328 -512 ) (2752 1328 -400 ) 
4 31 32 (2624 1328 -512 ) (2624 1024 -512 ) (2624 1024 -400 ) (2624 1328 -400 ) 
4 32 36 (2496 1344 -512 ) (2496 1328 -512 ) (2496 1328 -400 ) (2496 1344 -400 ) 
4 32 35 (2496 1728 -512 ) (2496 1344 -512 ) (2496 1344 -400 ) (2496 1728 -400 ) 
4 32 37 (2496 1328 -512 ) (2496 1024 -512 ) (2496 1024 -400 ) (2496 1328 -400 ) 
4 32 34 (2496 1744 -512 ) (2496 1728 -512 ) (2496 1728 -400 ) (2496 1744 -400 ) 
4 32 33 (2496 2048 -512 ) (2496 1744 -512 ) (2496 1744 -400 ) (2496 2048 -400 ) 
4 33 38 (2368 2048 -512 ) (2368 1744 -512 ) (2368 1744 -400 ) (2368 2048 -400 ) 
4 33 34 (2368 1744 -400 ) (2368 1744 -512 ) (2496 1744 -512 ) (2496 1744 -400 ) 
4 34 39 (2368 1744 -512 ) (2368 1728 -512 ) (2368 1728 -400 ) (2368 1744 -400 ) 
4 34 35 (2368 1728 -400 ) (2368 1728 -512 ) (2496 1728 -512 ) (2496 1728 -400 ) 
4 35 41 (2368 1472 -512 ) (2368 1344 -512 ) (2368 1344 -400 ) (2368 1472 -400 ) 
4 35 39 (2368 1728 -512 ) (2368 1600 -512 ) (2368 1600 -400 ) (2368 1728 -400 ) 
4 35 40 (2368 1600 -512 ) (2368 1472 -512 ) (2368 1472 -400 ) (2368 1600 -400 ) 
4 35 36 (2368 1344 -400 ) (2368 1344 -512 ) (2496 1344 -512 ) (2496 1344 -400 ) 
4 36 41 (2368 1344 -512 ) (2368 1328 -512 ) (2368 1328 -400 ) (2368 1344 -400 ) 
4 36 37 (2368 1328 -400 ) (2368 1328 -512 ) (2496 1328 -512 ) (2496 1328 -400 ) 
4 37 42 (2368 1328 -512 ) (2368 1024 -512 ) (2368 1024 -400 ) (2368 1328 -400 ) 
4 38 43 (2352 2048 -512 ) (2352 1744 -512 ) (2352 1744 -400 ) (2352 2048 -400 ) 
4 38 39 (2352 1744 -400 ) (2352 1744 -512 ) (2368 1744 -512 ) (2368 1744 -400 ) 
4 39 40 (2352 1600 -400 ) (2352 1600 -512 ) (2368 1600 -512 ) (2368 1600 -400 ) 
4 39 43 (2352 1744 -512 ) (2352 1600 -512 ) (2352 1600 -400 ) (2352 1744 -400 ) 
4 40 41 (2352 1472 -400 ) (2352 1472 -512 ) (2368 1472 -512 ) (2368 1472 -400 ) 
4 40 43 (2352 1600 -512 ) (2352 1472 -512 ) (2352 1472 -400 ) (2352 1600 -400 ) 
4 41 43 (2352 1472 -512 ) (2352 1328 -512 ) (2352 1328 -400 ) (2352 1472 -400 ) 
4 41 42 (2352 1328 -400 ) (2352 1328 -512 ) (2368 1328 -512 ) (2368 1328 -400 ) 
4 42 43 (2352 1328 -512 ) (2352 1024 -512 ) (2352 1024 -400 ) (2352 1328 -400 ) 
4 44 47 (672 1664 0 ) (192 1664 0 ) (192 1920 0 ) (672 1920 0 ) 
4 44 45 (192 1856 64 ) (192 1856 144 ) (192 1920 144 ) (192 1920 64 ) 
4 44 46 (192 1856 0 ) (192 1664 0 ) (192 1664 144 ) (192 1856 144 ) 
4 45 46 (64 1856 144 ) (64 1856 64 ) (192 1856 64 ) (192 1856 144 ) 
4 45 50 (64 1856 144 ) (64 1920 144 ) (64 1920 64 ) (64 1856 64 ) 
4 46 49 (128 1664 0 ) (64 1664 0 ) (64 1856 0 ) (128 1856 0 ) 
4 46 47 (192 1664 0 ) (128 1664 0 ) (128 1856 0 ) (192 1856 0 ) 
4 46 50 (64 1664 0 ) (64 1664 144 ) (64 1856 144 ) (64 1856 0 ) 
4 47 72 (352 1824 -256 ) (352 1728 -256 ) (128 1728 -256 ) (128 1824 -256 ) 
4 47 70 (352 1920 -256 ) (448 1920 -256 ) (448 1664 -256 ) (352 1664 -256 ) 
4 47 53 (128 1664 -256 ) (576 1664 -256 ) (576 1664 -96 ) (128 1664 -96 ) 
4 47 51 (576 1664 -256 ) (672 1664 -256 ) (672 1664 -96 ) (576 1664 -96 ) 
4 47 48 (128 1920 -64 ) (128 1920 -256 ) (128 1856 -256 ) (128 1856 -64 ) 
4 47 49 (128 1664 -256 ) (128 1664 0 ) (128 1856 0 ) (128 1856 -256 ) 
4 48 49 (128 1856 -256 ) (128 1856 -64 ) (64 1856 -64 ) (64 1856 -256 ) 
4 48 50 (64 1920 -64 ) (64 1920 -256 ) (64 1856 -256 ) (64 1856 -64 ) 
4 49 72 (128 1824 -256 ) (128 1728 -256 ) (64 1728 -256 ) (64 1824 -256 ) 
4 49 53 (64 1664 -256 ) (128 1664 -256 ) (128 1664 -96 ) (64 1664 -96 ) 
4 49 50 (64 1664 -256 ) (64 1664 0 ) (64 1856 0 ) (64 1856 -256 ) 
4 50 76 (0 1920 144 ) (0 1920 -256 ) (0 1664 -256 ) (0 1664 144 ) 
4 50 72 (64 1824 -256 ) (64 1728 -256 ) (32 1728 -256 ) (32 1824 -256 ) 
4 50 53 (0 1664 -96 ) (0 1664 -256 ) (64 1664 -256 ) (64 1664 -96 ) 
4 51 53 (576 1664 -96 ) (576 1664 -256 ) (576 1568 -256 ) (576 1568 -96 ) 
4 52 54 (544 1568 0 ) (224 1568 0 ) (224 1568 -64 ) (544 1568 -64 ) 
4 53 77 (0 1664 -96 ) (0 1664 -256 ) (0 1568 -256 ) (0 1568 -96 ) 
4 53 70 (352 1664 -256 ) (448 1664 -256 ) (448 1568 -256 ) (352 1568 -256 ) 
4 53 56 (352 1568 -256 ) (448 1568 -256 ) (448 1568 -96 ) (352 1568 -96 ) 
4 54 55 (224 1544 0 ) (224 1544 -64 ) (544 1544 -64 ) (544 1544 0 ) 
4 55 57 (224 1536 -64 ) (544 1536 -64 ) (544 1536 0 ) (224 1536 0 ) 
4 56 70 (352 1568 -256 ) (448 1568 -256 ) (448 1536 -256 ) (352 1536 -256 ) 
4 56 67 (352 1536 -256 ) (448 1536 -256 ) (448 1536 -216.230011 ) (352 1536 -216.230011 ) 
4 56 62 (448 1536 -216.230011 ) (448 1536 -136 ) (352 1536 -136 ) (352 1536 -216.230011 ) 
4 56 57 (448 1536 -136 ) (448 1536 -96 ) (352 1536 -96 ) (352 1536 -136 ) 
4 57 59 (672 1536 -136 ) (680 1536 -136 ) (680 1352 -136 ) (672 1352 -136 ) 
4 57 61 (680 1184 -136 ) (680 1024 -136 ) (672 1024 -136 ) (672 1184 -136 ) 
4 57 58 (680 1536 -136 ) (1024 1536 -136 ) (1024 1024 -136 ) (680 1024 -136 ) 
4 57 62 (144 1024 -136 ) (144 1536 -136 ) (672 1536 -136 ) (672 1024 -136 ) 
4 58 63 (1024 1024 -216.230011 ) (680 1024 -216.230011 ) (680 1536 -216.230011 ) (1024 1536 -216.230011 ) 
4 58 60 (680 1352 -216.230011 ) (680 1184 -216.230011 ) (680 1184 -216 ) (680 1352 -216 ) 
4 58 59 (680 1536 -216.230011 ) (680 1352 -216.230011 ) (680 1352 -136 ) (680 1536 -136 ) 
4 58 61 (680 1184 -216.230011 ) (680 1024 -216.230011 ) (680 1024 -136 ) (680 1184 -136 ) 
4 59 64 (672 1352 -216.230011 ) (672 1536 -216.230011 ) (680 1536 -216.230011 ) (680 1352 -216.230011 ) 
4 59 60 (672 1352 -216 ) (672 1352 -216.230011 ) (680 1352 -216.230011 ) (680 1352 -216 ) 
4 59 62 (672 1536 -216.230011 ) (672 1352 -216.230011 ) (672 1352 -136 ) (672 1536 -136 ) 
4 60 66 (672 1184 -216.230011 ) (672 1208 -216.230011 ) (680 1208 -216.230011 ) (680 1184 -216.230011 ) 
4 60 64 (672 1328 -216.230011 ) (672 1352 -216.230011 ) (680 1352 -216.230011 ) (680 1328 -216.230011 ) 
4 60 65 (672 1216 -216.230011 ) (672 1320 -216.230011 ) (680 1320 -216.230011 ) (680 1216 -216.230011 ) 
4 60 62 (672 1352 -216.230011 ) (672 1184 -216.230011 ) (672 1184 -216 ) (672 1352 -216 ) 
4 60 61 (672 1184 -216 ) (672 1184 -216.230011 ) (680 1184 -216.230011 ) (680 1184 -216 ) 
4 61 66 (680 1024 -216.230011 ) (672 1024 -216.230011 ) (672 1184 -216.230011 ) (680 1184 -216.230011 ) 
4 61 62 (672 1184 -216.230011 ) (672 1024 -216.230011 ) (672 1024 -136 ) (672 1184 -136 ) 
4 62 68 (144 1308 -216.230011 ) (144 1252 -216.230011 ) (144 1252 -144 ) (144 1308 -144 ) 
4 62 67 (672 1024 -216.230011 ) (144 1024 -216.230011 ) (144 1536 -216.230011 ) (672 1536 -216.230011 ) 
4 63 66 (680 1024 -216.230011 ) (680 1208 -216.230011 ) (680 1208 -256 ) (680 1024 -256 ) 
4 63 64 (680 1328 -216.230011 ) (680 1536 -216.230011 ) (680 1536 -256 ) (680 1328 -256 ) 
4 63 65 (680 1216 -216.230011 ) (680 1320 -216.230011 ) (680 1320 -256 ) (680 1216 -256 ) 
4 64 67 (672 1328 -216.230011 ) (672 1536 -216.230011 ) (672 1536 -256 ) (672 1328 -256 ) 
4 65 67 (672 1216 -216.230011 ) (672 1320 -216.230011 ) (672 1320 -256 ) (672 1216 -256 ) 
4 66 67 (672 1024 -216.230011 ) (672 1208 -216.230011 ) (672 1208 -256 ) (672 1024 -256 ) 
4 67 68 (144 1308 -256 ) (144 1252 -256 ) (144 1252 -216.230011 ) (144 1308 -216.230011 ) 
4 68 69 (136 1308 -144 ) (136 1308 -256 ) (136 1252 -256 ) (136 1252 -144 ) 
4 69 78 (0 1024 -256 ) (0 1024 0 ) (0 1536 0 ) (0 1536 -256 ) 
4 70 72 (352 1728 -256 ) (352 1824 -256 ) (352 1824 -264 ) (352 1728 -264 ) 
4 70 71 (448 1536 -264 ) (352 1536 -264 ) (352 1920 -264 ) (448 1920 -264 ) 
4 71 74 (448 1920 -288 ) (448 1536 -288 ) (352 1536 -288 ) (352 1920 -288 ) 
4 71 73 (352 1824 -288 ) (352 1728 -288 ) (352 1728 -264 ) (352 1824 -264 ) 
4 72 73 (352 1728 -264 ) (32 1728 -264 ) (32 1824 -264 ) (352 1824 -264 ) 
4 73 75 (32 1728 -288 ) (32 1824 -288 ) (352 1824 -288 ) (352 1728 -288 ) 
4 74 75 (352 1824 -318 ) (352 1728 -318 ) (352 1728 -288 ) (352 1824 -288 ) 
4 76 77 (-96 1664 -96 ) (-96 1664 -256 ) (0 1664 -256 ) (0 1664 -96 ) 
4 79 89 (0 256 0 ) (0 0 0 ) (0 0 256 ) (0 256 256 ) 
4 79 84 (256 0 256 ) (0 0 256 ) (0 0 0 ) (256 0 0 ) 
4 79 81 (256 48 0 ) (256 0 0 ) (240 0 0 ) (240 48 0 ) 
4 79 80 (240 256 0 ) (256 256 0 ) (256 48 0 ) (240 48 0 ) 
4 79 83 (0 0 0 ) (0 256 0 ) (240 256 0 ) (240 0 0 ) 
4 80 81 (240 48 0 ) (240 48 -120 ) (256 48 -120 ) (256 48 0 ) 
4 80 82 (240 48 -136 ) (240 48 -256 ) (256 48 -256 ) (256 48 -136 ) 
4 80 83 (240 256 0 ) (240 256 -256 ) (240 48 -256 ) (240 48 0 ) 
4 81 85 (256 0 0 ) (240 0 0 ) (240 0 -120 ) (256 0 -120 ) 
4 81 83 (240 0 -120 ) (240 0 0 ) (240 48 0 ) (240 48 -120 ) 
4 82 86 (240 0 -136 ) (240 0 -256 ) (256 0 -256 ) (256 0 -136 ) 
4 82 83 (240 48 -256 ) (240 0 -256 ) (240 0 -136 ) (240 48 -136 ) 
4 83 90 (0 256 -256 ) (0 0 -256 ) (0 0 0 ) (0 256 0 ) 
4 83 88 (240 0 0 ) (0 0 0 ) (0 0 -256 ) (240 0 -256 ) 
4 84 91 (0 -256 256 ) (0 0 256 ) (0 0 0 ) (0 -256 0 ) 
4 84 85 (240 0 0 ) (256 0 0 ) (256 -48 0 ) (240 -48 0 ) 
4 84 87 (256 -48 0 ) (256 -256 0 ) (240 -256 0 ) (240 -48 0 ) 
4 84 88 (0 -256 0 ) (0 0 0 ) (240 0 0 ) (240 -256 0 ) 
4 85 88 (240 -48 -120 ) (240 -48 0 ) (240 0 0 ) (240 0 -120 ) 
4 85 87 (240 -48 0 ) (240 -48 -120 ) (256 -48 -120 ) (256 -48 0 ) 
4 86 87 (240 -48 -136 ) (240 -48 -256 ) (256 -48 -256 ) (256 -48 -136 ) 
4 86 88 (240 0 -256 ) (240 -48 -256 ) (240 -48 -136 ) (240 0 -136 ) 
4 87 88 (240 -48 -256 ) (240 -256 -256 ) (240 -256 0 ) (240 -48 0 ) 
4 88 92 (0 -256 0 ) (0 0 0 ) (0 0 -256 ) (0 -256 -256 ) 
4 89 91 (0 0 0 ) (0 0 256 ) (-256 0 256 ) (-256 0 0 ) 
4 89 90 (-256 0 0 ) (-256 256 0 ) (0 256 0 ) (0 0 0 ) 
4 90 92 (0 0 -256 ) (0 0 0 ) (-256 0 0 ) (-256 0 -256 ) 
4 91 92 (-256 -256 0 ) (-256 0 0 ) (0 0 0 ) (0 -256 0 ) 
4 93 110 (1024 -1156 -208 ) (1024 -1156 0 ) (960 -1156 0 ) (960 -1156 -208 ) 
4 93 94 (992 -1156 -208 ) (960 -1156 -208 ) (960 -1024 -208 ) (992 -1024 -208 ) 
4 93 95 (960 -1156 -208 ) (960 -1156 0 ) (960 -1024 0 ) (960 -1024 -208 ) 
3 94 111 (992 -1156 -208 ) (960 -1156 -208 ) (960 -1156 -224 ) 
4 94 95 (960 -1156 -224 ) (960 -1156 -208 ) (960 -1024 -208 ) (960 -1024 -224 ) 
4 95 113 (608 -1156 -256 ) (960 -1156 -256 ) (960 -1156 -224 ) (608 -1156 -224 ) 
4 95 112 (960 -1156 -224 ) (960 -1156 0 ) (608 -1156 0 ) (608 -1156 -224 ) 
4 95 96 (608 -1156 -52 ) (608 -1156 0 ) (608 -1024 0 ) (608 -1024 -52 ) 
4 96 112 (608 -1156 -52 ) (608 -1156 0 ) (592 -1156 0 ) (592 -1156 -52 ) 
4 96 97 (592 -1156 -52 ) (592 -1156 0 ) (592 -1024 0 ) (592 -1024 -52 ) 
4 97 112 (592 -1156 -52 ) (592 -1156 0 ) (560 -1156 0 ) (560 -1156 -52 ) 
4 97 99 (560 -1024 0 ) (560 -1024 -52 ) (560 -1156 -52 ) (560 -1156 0 ) 
4 98 105 (560 -1024 -119 ) (560 -1024 -232.168015 ) (560 -1152 -232.168015 ) (560 -1152 -119 ) 
4 98 102 (560 -1024 -104 ) (560 -1024 -119 ) (560 -1152 -119 ) (560 -1152 -104 ) 
4 99 112 (144 -1156 0 ) (144 -1156 -52 ) (560 -1156 -52 ) (560 -1156 0 ) 
4 99 100 (380 -1156 -52 ) (316 -1156 -52 ) (316 -1024 -52 ) (380 -1024 -52 ) 
4 99 101 (316 -1156 -52 ) (144 -1156 -52 ) (144 -1024 -52 ) (316 -1024 -52 ) 
3 100 112 (316 -1156 -68 ) (380 -1156 -52 ) (316 -1156 -52 ) 
4 100 101 (316 -1024 -68 ) (316 -1156 -68 ) (316 -1156 -52 ) (316 -1024 -52 ) 
4 101 112 (144 -1156 -52 ) (144 -1156 -68 ) (316 -1156 -68 ) (316 -1156 -52 ) 
4 101 104 (316 -1156 -68 ) (144 -1156 -68 ) (144 -1024 -68 ) (316 -1024 -68 ) 
4 102 105 (560 -1024 -119 ) (560 -1152 -119 ) (406 -1152 -119 ) (406 -1024 -119 ) 
4 102 103 (406 -1024 -119 ) (406 -1152 -119 ) (406 -1152 -68 ) (406 -1024 -68 ) 
5 103 112 (316 -1156 -119 ) (406 -1156 -119 ) (406 -1156 -68 ) (380 -1156 -68 ) (316 -1156 -84 ) 
4 103 108 (406 -1156 -119 ) (316 -1156 -119 ) (316 -1152 -119 ) (406 -1152 -119 ) 
4 103 105 (316 -1152 -119 ) (316 -1024 -119 ) (406 -1024 -119 ) (406 -1152 -119 ) 
4 103 104 (316 -1024 -119 ) (316 -1156 -119 ) (316 -1156 -84 ) (316 -1024 -84 ) 
4 104 112 (144 -1156 -68 ) (144 -1156 -119 ) (316 -1156 -119 ) (316 -1156 -68 ) 
4 104 108 (316 -1156 -119 ) (144 -1156 -119 ) (144 -1152 -119 ) (316 -1152 -119 ) 
4 104 105 (144 -1152 -119 ) (144 -1024 -119 ) (316 -1024 -119 ) (316 -1152 -119 ) 
4 105 109 (406 -1152 -196 ) (144 -1152 -196 ) (144 -1152 -232.168015 ) (406 -1152 -232.168015 ) 
4 105 108 (406 -1152 -119 ) (144 -1152 -119 ) (144 -1152 -196 ) (406 -1152 -196 ) 
4 105 107 (560 -1152 -196 ) (560 -1152 -119 ) (406 -1152 -119 ) (406 -1152 -196 ) 
4 105 106 (405.720642 -1152 -232.168015 ) (144 -1152 -232.168015 ) (144 -1024 -232.168015 ) (405.720642 -1024 -232.168015 ) 
4 106 109 (405.720642 -1152 -232.168015 ) (144 -1152 -232.168015 ) (144 -1152 -256 ) (366 -1152 -256 ) 
4 107 112 (406 -1156 -196 ) (560 -1156 -196 ) (560 -1156 -119 ) (406 -1156 -119 ) 
4 107 108 (406 -1152 -119 ) (406 -1152 -196 ) (406 -1156 -196 ) (406 -1156 -119 ) 
4 108 112 (144 -1156 -119 ) (144 -1156 -196 ) (406 -1156 -196 ) (406 -1156 -119 ) 
4 108 109 (144 -1152 -196 ) (406 -1152 -196 ) (406 -1156 -196 ) (144 -1156 -196 ) 
4 109 113 (144 -1156 -224 ) (144 -1156 -256 ) (406 -1156 -256 ) (406 -1156 -224 ) 
4 109 112 (144 -1156 -196 ) (144 -1156 -224 ) (406 -1156 -224 ) (406 -1156 -196 ) 
4 110 112 (960 -1156 0 ) (960 -1156 -208 ) (960 -1536 -208 ) (960 -1536 0 ) 
4 110 111 (992 -1536 -208 ) (960 -1536 -208 ) (960 -1156 -208 ) (992 -1156 -208 ) 
4 111 112 (960 -1156 -208 ) (960 -1156 -224 ) (960 -1536 -224 ) (960 -1536 -208 ) 
4 112 116 (144 -1252 -144 ) (144 -1252 -224 ) (144 -1308 -224 ) (144 -1308 -144 ) 
4 112 114 (928 -1296 -224 ) (144 -1296 -224 ) (144 -1232 -224 ) (928 -1232 -224 ) 
4 112 113 (144 -1156 -224 ) (960 -1156 -224 ) (960 -1232 -224 ) (144 -1232 -224 ) 
4 112 115 (960 -1296 -224 ) (960 -1536 -224 ) (144 -1536 -224 ) (144 -1296 -224 ) 
4 113 114 (928 -1232 -224 ) (144 -1232 -224 ) (144 -1232 -256 ) (832 -1232 -256 ) 
4 114 116 (144 -1252 -256 ) (144 -1296 -256 ) (144 -1296 -224 ) (144 -1252 -224 ) 
4 114 115 (928 -1296 -224 ) (144 -1296 -224 ) (144 -1296 -256 ) (832 -1296 -256 ) 
4 115 116 (144 -1296 -256 ) (144 -1308 -256 ) (144 -1308 -224 ) (144 -1296 -224 ) 
4 116 117 (136 -1252 -256 ) (136 -1308 -256 ) (136 -1308 -144 ) (136 -1252 -144 ) 
4 117 118 (0 -1024 0 ) (0 -1024 -256 ) (0 -1536 -256 ) (0 -1536 0 ) 
